  [1m[36m (160.4ms)[0m  [1mCREATE TABLE "schema_migrations" ("version" varchar NOT NULL) [0m
  [1m[35m (0.1ms)[0m  select sqlite_version(*)
  [1m[36m (133.4ms)[0m  [1mCREATE UNIQUE INDEX "unique_schema_migrations" ON "schema_migrations" ("version")[0m
  [1m[35mActiveRecord::SchemaMigration Load (0.1ms)[0m  SELECT "schema_migrations".* FROM "schema_migrations"
Migrating to CreateMovies (20150730023926)
  [1m[36m (0.1ms)[0m  [1mbegin transaction[0m
  [1m[35m (0.3ms)[0m  CREATE TABLE "movies" ("id" INTEGER PRIMARY KEY AUTOINCREMENT NOT NULL, "title" varchar, "description" text, "movie_length" varchar, "director" varchar, "rating" varchar, "created_at" datetime NOT NULL, "updated_at" datetime NOT NULL) 
  [1m[36mSQL (0.1ms)[0m  [1mINSERT INTO "schema_migrations" ("version") VALUES (?)[0m  [["version", "20150730023926"]]
  [1m[35m (135.7ms)[0m  commit transaction
Migrating to DeviseCreateUsers (20150730040309)
  [1m[36m (0.1ms)[0m  [1mbegin transaction[0m
  [1m[35m (0.2ms)[0m  CREATE TABLE "users" ("id" INTEGER PRIMARY KEY AUTOINCREMENT NOT NULL, "email" varchar DEFAULT '' NOT NULL, "encrypted_password" varchar DEFAULT '' NOT NULL, "reset_password_token" varchar, "reset_password_sent_at" datetime, "remember_created_at" datetime, "sign_in_count" integer DEFAULT 0 NOT NULL, "current_sign_in_at" datetime, "last_sign_in_at" datetime, "current_sign_in_ip" varchar, "last_sign_in_ip" varchar, "created_at" datetime NOT NULL, "updated_at" datetime NOT NULL) 
  [1m[36m (0.2ms)[0m  [1mCREATE UNIQUE INDEX "index_users_on_email" ON "users" ("email")[0m
  [1m[35m (0.1ms)[0m              SELECT sql
            FROM sqlite_master
            WHERE name='index_users_on_email' AND type='index'
            UNION ALL
            SELECT sql
            FROM sqlite_temp_master
            WHERE name='index_users_on_email' AND type='index'

  [1m[36m (0.1ms)[0m  [1mCREATE UNIQUE INDEX "index_users_on_reset_password_token" ON "users" ("reset_password_token")[0m
  [1m[35mSQL (0.1ms)[0m  INSERT INTO "schema_migrations" ("version") VALUES (?)  [["version", "20150730040309"]]
  [1m[36m (143.8ms)[0m  [1mcommit transaction[0m
Migrating to AddUserIdToMovies (20150730042259)
  [1m[35m (0.1ms)[0m  begin transaction
  [1m[36m (0.2ms)[0m  [1mALTER TABLE "movies" ADD "user_id" integer[0m
  [1m[35mSQL (0.1ms)[0m  INSERT INTO "schema_migrations" ("version") VALUES (?)  [["version", "20150730042259"]]
  [1m[36m (110.3ms)[0m  [1mcommit transaction[0m
Migrating to AddAttachmentImageToMovies (20150730051054)
  [1m[35m (0.2ms)[0m  begin transaction
  [1m[36m (0.5ms)[0m  [1mALTER TABLE "movies" ADD "image_file_name" varchar[0m
  [1m[35m (0.3ms)[0m  ALTER TABLE "movies" ADD "image_content_type" varchar
  [1m[36m (0.3ms)[0m  [1mALTER TABLE "movies" ADD "image_file_size" integer[0m
  [1m[35m (0.3ms)[0m  ALTER TABLE "movies" ADD "image_updated_at" datetime
  [1m[36mSQL (0.2ms)[0m  [1mINSERT INTO "schema_migrations" ("version") VALUES (?)[0m  [["version", "20150730051054"]]
  [1m[35m (96.5ms)[0m  commit transaction
Migrating to CreateReviews (20150730075607)
  [1m[36m (0.1ms)[0m  [1mbegin transaction[0m
  [1m[35m (0.6ms)[0m  CREATE TABLE "reviews" ("id" INTEGER PRIMARY KEY AUTOINCREMENT NOT NULL, "rating" integer, "comment" text, "created_at" datetime NOT NULL, "updated_at" datetime NOT NULL) 
  [1m[36mSQL (0.1ms)[0m  [1mINSERT INTO "schema_migrations" ("version") VALUES (?)[0m  [["version", "20150730075607"]]
  [1m[35m (107.5ms)[0m  commit transaction
Migrating to AddUserIdToReviews (20150730080625)
  [1m[36m (0.1ms)[0m  [1mbegin transaction[0m
  [1m[35m (0.2ms)[0m  ALTER TABLE "reviews" ADD "user_id" integer
  [1m[36mSQL (0.1ms)[0m  [1mINSERT INTO "schema_migrations" ("version") VALUES (?)[0m  [["version", "20150730080625"]]
  [1m[35m (99.1ms)[0m  commit transaction
Migrating to AddMovieIdToReviews (20150730082807)
  [1m[36m (0.1ms)[0m  [1mbegin transaction[0m
  [1m[35m (0.2ms)[0m  ALTER TABLE "reviews" ADD "movie_id" integer
  [1m[36mSQL (0.1ms)[0m  [1mINSERT INTO "schema_migrations" ("version") VALUES (?)[0m  [["version", "20150730082807"]]
  [1m[35m (99.2ms)[0m  commit transaction
  [1m[36mActiveRecord::SchemaMigration Load (0.2ms)[0m  [1mSELECT "schema_migrations".* FROM "schema_migrations"[0m
  [1m[35m (0.1ms)[0m              SELECT sql
            FROM sqlite_master
            WHERE name='index_users_on_reset_password_token' AND type='index'
            UNION ALL
            SELECT sql
            FROM sqlite_temp_master
            WHERE name='index_users_on_reset_password_token' AND type='index'

  [1m[36m (0.1ms)[0m  [1m            SELECT sql
            FROM sqlite_master
            WHERE name='index_users_on_email' AND type='index'
            UNION ALL
            SELECT sql
            FROM sqlite_temp_master
            WHERE name='index_users_on_email' AND type='index'
[0m
  [1m[36mActiveRecord::SchemaMigration Load (0.1ms)[0m  [1mSELECT "schema_migrations".* FROM "schema_migrations"[0m
  [1m[35mActiveRecord::SchemaMigration Load (0.1ms)[0m  SELECT "schema_migrations".* FROM "schema_migrations"
  [1m[36m (0.1ms)[0m  [1m            SELECT sql
            FROM sqlite_master
            WHERE name='index_users_on_reset_password_token' AND type='index'
            UNION ALL
            SELECT sql
            FROM sqlite_temp_master
            WHERE name='index_users_on_reset_password_token' AND type='index'
[0m
  [1m[35m (0.1ms)[0m              SELECT sql
            FROM sqlite_master
            WHERE name='index_users_on_email' AND type='index'
            UNION ALL
            SELECT sql
            FROM sqlite_temp_master
            WHERE name='index_users_on_email' AND type='index'



Started GET "/" for 127.0.0.1 at 2015-07-30 15:53:15 -0400
  [1m[36mActiveRecord::SchemaMigration Load (0.1ms)[0m  [1mSELECT "schema_migrations".* FROM "schema_migrations"[0m

LoadError (cannot load such file -- RMagick):
  app/controllers/movies_controller.rb:1:in `<top (required)>'


  Rendered vendor/cache/gems/actionpack-4.2.3/lib/action_dispatch/middleware/templates/rescues/_source.erb (3.7ms)
  Rendered vendor/cache/gems/actionpack-4.2.3/lib/action_dispatch/middleware/templates/rescues/_trace.html.erb (1.7ms)
  Rendered vendor/cache/gems/actionpack-4.2.3/lib/action_dispatch/middleware/templates/rescues/_request_and_response.html.erb (7.9ms)
  Rendered vendor/cache/gems/actionpack-4.2.3/lib/action_dispatch/middleware/templates/rescues/diagnostics.html.erb within rescues/layout (28.7ms)
  Rendered vendor/cache/gems/web-console-2.2.1/lib/web_console/templates/_markup.html.erb (0.4ms)
  Rendered vendor/cache/gems/web-console-2.2.1/lib/web_console/templates/_inner_console_markup.html.erb within layouts/inlined_string (0.3ms)
  Rendered vendor/cache/gems/web-console-2.2.1/lib/web_console/templates/_prompt_box_markup.html.erb within layouts/inlined_string (0.2ms)
  Rendered vendor/cache/gems/web-console-2.2.1/lib/web_console/templates/style.css.erb within layouts/inlined_string (0.3ms)
  Rendered vendor/cache/gems/web-console-2.2.1/lib/web_console/templates/console.js.erb within layouts/javascript (16.4ms)
  Rendered vendor/cache/gems/web-console-2.2.1/lib/web_console/templates/main.js.erb within layouts/javascript (0.3ms)
  Rendered vendor/cache/gems/web-console-2.2.1/lib/web_console/templates/error_page.js.erb within layouts/javascript (0.3ms)
  Rendered vendor/cache/gems/web-console-2.2.1/lib/web_console/templates/index.html.erb (38.0ms)


Started GET "/" for 127.0.0.1 at 2015-07-30 15:55:15 -0400

LoadError (cannot load such file -- RMagick):
  app/controllers/movies_controller.rb:1:in `<top (required)>'


  Rendered vendor/cache/gems/actionpack-4.2.3/lib/action_dispatch/middleware/templates/rescues/_source.erb (13.7ms)
  Rendered vendor/cache/gems/actionpack-4.2.3/lib/action_dispatch/middleware/templates/rescues/_trace.html.erb (1.5ms)
  Rendered vendor/cache/gems/actionpack-4.2.3/lib/action_dispatch/middleware/templates/rescues/_request_and_response.html.erb (0.9ms)
  Rendered vendor/cache/gems/actionpack-4.2.3/lib/action_dispatch/middleware/templates/rescues/diagnostics.html.erb within rescues/layout (29.6ms)
  Rendered vendor/cache/gems/web-console-2.2.1/lib/web_console/templates/_markup.html.erb (0.2ms)
  Rendered vendor/cache/gems/web-console-2.2.1/lib/web_console/templates/_inner_console_markup.html.erb within layouts/inlined_string (0.7ms)
  Rendered vendor/cache/gems/web-console-2.2.1/lib/web_console/templates/_prompt_box_markup.html.erb within layouts/inlined_string (0.2ms)
  Rendered vendor/cache/gems/web-console-2.2.1/lib/web_console/templates/style.css.erb within layouts/inlined_string (0.3ms)
  Rendered vendor/cache/gems/web-console-2.2.1/lib/web_console/templates/console.js.erb within layouts/javascript (16.7ms)
  Rendered vendor/cache/gems/web-console-2.2.1/lib/web_console/templates/main.js.erb within layouts/javascript (0.2ms)
  Rendered vendor/cache/gems/web-console-2.2.1/lib/web_console/templates/error_page.js.erb within layouts/javascript (0.3ms)
  Rendered vendor/cache/gems/web-console-2.2.1/lib/web_console/templates/index.html.erb (33.0ms)


Started GET "/" for 127.0.0.1 at 2015-07-30 15:56:24 -0400
Processing by MoviesController#index as HTML
  [1m[35mMovie Load (0.3ms)[0m  SELECT "movies".* FROM "movies"
  Rendered movies/index.html.erb within layouts/application (5.4ms)
  Rendered layouts/_header.html.erb (0.7ms)
Completed 200 OK in 3159ms (Views: 3153.1ms | ActiveRecord: 0.4ms)


Started GET "/assets/movies.self-e3b0c44298fc1c149afbf4c8996fb92427ae41e4649b934ca495991b7852b855.css?body=1" for 127.0.0.1 at 2015-07-30 15:56:28 -0400


Started GET "/assets/application.self-d99d1716a9e1ebca82c1f151c544cc355801be632c8f87c32d7b1ef7567783da.css?body=1" for 127.0.0.1 at 2015-07-30 15:56:28 -0400


Started GET "/assets/reviews.self-e3b0c44298fc1c149afbf4c8996fb92427ae41e4649b934ca495991b7852b855.css?body=1" for 127.0.0.1 at 2015-07-30 15:56:28 -0400


Started GET "/assets/scaffolds.self-3d715b6cf644fdcf46cf5c97ad3df0c0d8afdfb7a67600169d0ac77fa095619c.css?body=1" for 127.0.0.1 at 2015-07-30 15:56:28 -0400


Started GET "/assets/bootstrap/affix.self-f7aef9d98ee5ece34a6a92a6a15bba777d93e8d908b75c95a85088277f394200.js?body=1" for 127.0.0.1 at 2015-07-30 15:56:28 -0400


Started GET "/assets/bootstrap/alert.self-896ab026e6823f5cef2441e07dac53d0692a5b772ac58b1ce20aa624c342d3f4.js?body=1" for 127.0.0.1 at 2015-07-30 15:56:28 -0400


Started GET "/assets/bootstrap/button.self-d19f3e2bcd3a7a4d75c11b9141b3fabd2c11987da1e99c85548ec3ecf8db30c3.js?body=1" for 127.0.0.1 at 2015-07-30 15:56:28 -0400


Started GET "/assets/bootstrap/carousel.self-b2e5e14483e6c31343a83861b7d487620f143d6fc2d07d5ae7544b6b225ba6be.js?body=1" for 127.0.0.1 at 2015-07-30 15:56:28 -0400


Started GET "/assets/bootstrap/collapse.self-93820e9b486e375a7fb4477602def3a6f8381fa6d50938d5378297ffbe4a1248.js?body=1" for 127.0.0.1 at 2015-07-30 15:56:28 -0400


Started GET "/assets/bootstrap/dropdown.self-30536ae4d54b2685c26b5787ed0eb549a9075717fe690cce6270873bedf2df00.js?body=1" for 127.0.0.1 at 2015-07-30 15:56:28 -0400


Started GET "/assets/bootstrap/tab.self-9b77df34cbbb08ec93a806d6cdb741f04e3dbf3389978a0679146f2d2987bc89.js?body=1" for 127.0.0.1 at 2015-07-30 15:56:28 -0400


Started GET "/assets/bootstrap/transition.self-9616c4e856b57659b67da3c6f2adcd584b5601ef4bebcdadab8ebb387d80bb25.js?body=1" for 127.0.0.1 at 2015-07-30 15:56:28 -0400


Started GET "/assets/bootstrap/scrollspy.self-c5c6ed008955656d345067e9821d79f1216b8383134d08465d4aa1a33a2b93b4.js?body=1" for 127.0.0.1 at 2015-07-30 15:56:28 -0400


Started GET "/assets/bootstrap/modal.self-bcfe54f3132bf16a8c5ce4289e47eba488f6522a08f49f378a037061c6c7aa4c.js?body=1" for 127.0.0.1 at 2015-07-30 15:56:28 -0400


Started GET "/assets/bootstrap/popover.self-b73e9c9111d01148e24bbc46e096782e024dc5db630e7078cf11ed2587ef8551.js?body=1" for 127.0.0.1 at 2015-07-30 15:56:28 -0400


Started GET "/assets/bootstrap/tooltip.self-3aa41fbe871573b34e0ebddf31598cd5a11a9841ca85f90934ea46326e46626d.js?body=1" for 127.0.0.1 at 2015-07-30 15:56:28 -0400


Started GET "/assets/bootstrap-sprockets.self-fbfa5ad7d9aa0afe439ec4ff3883acc4cb92b62cb67c40d674320c9aa1d4642d.js?body=1" for 127.0.0.1 at 2015-07-30 15:56:28 -0400


Started GET "/assets/jquery.raty.self-628421be04f36f7a8fa8b9b884c6d7824d6f8bdeba4f172b131f15aa63f713e8.js?body=1" for 127.0.0.1 at 2015-07-30 15:56:28 -0400


Started GET "/assets/movies.self-877aef30ae1b040ab8a3aba4e3e309a11d7f2612f44dde450b5c157aa5f95c05.js?body=1" for 127.0.0.1 at 2015-07-30 15:56:28 -0400


Started GET "/assets/jquery.self-d03a5518f45df77341bdbe6201ba3bfa547ebba8ed64f0ea56bfa5f96ea7c074.js?body=1" for 127.0.0.1 at 2015-07-30 15:56:28 -0400


Started GET "/assets/jquery_ujs.self-ca5248a2fad13d6bd58ea121318d642f195f0b2dd818b30615f785ff365e8d1f.js?body=1" for 127.0.0.1 at 2015-07-30 15:56:28 -0400


Started GET "/assets/application.self-f8806224e027f3e3f0138ea9ce99319e298dfdb323304d1f1be6eae8e8c74724.js?body=1" for 127.0.0.1 at 2015-07-30 15:56:28 -0400


Started GET "/assets/turbolinks.self-c37727e9bd6b2735da5c311aa83fead54ed0be6cc8bd9a65309e9c5abe2cbfff.js?body=1" for 127.0.0.1 at 2015-07-30 15:56:28 -0400


Started GET "/assets/reviews.self-877aef30ae1b040ab8a3aba4e3e309a11d7f2612f44dde450b5c157aa5f95c05.js?body=1" for 127.0.0.1 at 2015-07-30 15:56:28 -0400


Started GET "/users/sign_up" for 127.0.0.1 at 2015-07-30 15:56:31 -0400
Processing by Devise::RegistrationsController#new as HTML
  Rendered devise/shared/_links.html.erb (1.0ms)
  Rendered devise/registrations/new.html.erb within layouts/application (20.9ms)
  Rendered layouts/_header.html.erb (0.4ms)
Completed 200 OK in 123ms (Views: 113.5ms | ActiveRecord: 0.3ms)


Started GET "/users/sign_in" for 127.0.0.1 at 2015-07-30 15:56:35 -0400
Processing by Devise::SessionsController#new as HTML
  Rendered devise/shared/_links.html.erb (0.4ms)
  Rendered devise/sessions/new.html.erb within layouts/application (5.0ms)
  Rendered layouts/_header.html.erb (0.3ms)
Completed 200 OK in 82ms (Views: 79.9ms | ActiveRecord: 0.0ms)


Started POST "/users/sign_in" for 127.0.0.1 at 2015-07-30 15:56:38 -0400
Processing by Devise::SessionsController#create as HTML
  Parameters: {"utf8"=>"✓", "authenticity_token"=>"rxHM8M5t4lF9ZtdsFAqmMHsmYc33fhMC678l9iDNeclmJkwQZrUZoXF+giqocoBPfdRJRhMcBDGIvPhGXCgm8Q==", "user"=>{"email"=>"", "password"=>"[FILTERED]", "remember_me"=>"0"}, "commit"=>"Log in"}
Completed 401 Unauthorized in 1ms (ActiveRecord: 0.0ms)
Processing by Devise::SessionsController#new as HTML
  Parameters: {"utf8"=>"✓", "authenticity_token"=>"rxHM8M5t4lF9ZtdsFAqmMHsmYc33fhMC678l9iDNeclmJkwQZrUZoXF+giqocoBPfdRJRhMcBDGIvPhGXCgm8Q==", "user"=>{"email"=>"", "password"=>"[FILTERED]", "remember_me"=>"0"}, "commit"=>"Log in"}
  Rendered devise/shared/_links.html.erb (0.5ms)
  Rendered devise/sessions/new.html.erb within layouts/application (2.6ms)
  Rendered layouts/_header.html.erb (0.3ms)
Completed 200 OK in 81ms (Views: 80.0ms | ActiveRecord: 0.0ms)


Started POST "/users/sign_in" for 127.0.0.1 at 2015-07-30 15:56:40 -0400
Processing by Devise::SessionsController#create as HTML
  Parameters: {"utf8"=>"✓", "authenticity_token"=>"xCkp9ze8G0JNEcghJXbx5Va3cPozZK5y1lhJl6h6qHsNHqkXn2TgskEJnWeZDteaUEVYcdcGuUG1W5Qn1J/3Qw==", "user"=>{"email"=>"", "password"=>"[FILTERED]", "remember_me"=>"0"}, "commit"=>"Log in"}
Completed 401 Unauthorized in 1ms (ActiveRecord: 0.0ms)
Processing by Devise::SessionsController#new as HTML
  Parameters: {"utf8"=>"✓", "authenticity_token"=>"xCkp9ze8G0JNEcghJXbx5Va3cPozZK5y1lhJl6h6qHsNHqkXn2TgskEJnWeZDteaUEVYcdcGuUG1W5Qn1J/3Qw==", "user"=>{"email"=>"", "password"=>"[FILTERED]", "remember_me"=>"0"}, "commit"=>"Log in"}
  Rendered devise/shared/_links.html.erb (0.3ms)
  Rendered devise/sessions/new.html.erb within layouts/application (2.1ms)
  Rendered layouts/_header.html.erb (0.3ms)
Completed 200 OK in 77ms (Views: 76.2ms | ActiveRecord: 0.0ms)


Started GET "/users/sign_up" for 127.0.0.1 at 2015-07-30 15:56:44 -0400
Processing by Devise::RegistrationsController#new as HTML
  Rendered devise/shared/_links.html.erb (0.2ms)
  Rendered devise/registrations/new.html.erb within layouts/application (2.1ms)
  Rendered layouts/_header.html.erb (0.4ms)
Completed 200 OK in 79ms (Views: 78.6ms | ActiveRecord: 0.0ms)


Started POST "/users" for 127.0.0.1 at 2015-07-30 15:56:53 -0400
Processing by Devise::RegistrationsController#create as HTML
  Parameters: {"utf8"=>"✓", "authenticity_token"=>"eUCSfbngvAWJ5H43UgENh7nFzKoUzPlegp0NafHuyo6wdxKdEThH9YX8K3HueSv4vzfkIfCu7m3hntDZjQuVtg==", "user"=>{"email"=>"jpbamberg1993@gmail.com", "password"=>"[FILTERED]", "password_confirmation"=>"[FILTERED]"}, "commit"=>"Sign up"}
  [1m[36m (0.1ms)[0m  [1mbegin transaction[0m
  [1m[35mUser Exists (0.1ms)[0m  SELECT  1 AS one FROM "users" WHERE "users"."email" = 'jpbamberg1993@gmail.com' LIMIT 1
  [1m[36mSQL (0.3ms)[0m  [1mINSERT INTO "users" ("email", "encrypted_password", "created_at", "updated_at") VALUES (?, ?, ?, ?)[0m  [["email", "jpbamberg1993@gmail.com"], ["encrypted_password", "$2a$10$h84sKIcQj0QTdIOUkyV7y.NVK2hJZCOMm0apl8IDUc1A7w0GfA8qC"], ["created_at", "2015-07-30 19:56:54.015410"], ["updated_at", "2015-07-30 19:56:54.015410"]]
  [1m[35m (390.8ms)[0m  commit transaction
  [1m[36m (0.1ms)[0m  [1mbegin transaction[0m
  [1m[35mSQL (0.2ms)[0m  UPDATE "users" SET "last_sign_in_at" = ?, "current_sign_in_at" = ?, "last_sign_in_ip" = ?, "current_sign_in_ip" = ?, "sign_in_count" = ?, "updated_at" = ? WHERE "users"."id" = ?  [["last_sign_in_at", "2015-07-30 19:56:54.408277"], ["current_sign_in_at", "2015-07-30 19:56:54.408277"], ["last_sign_in_ip", "127.0.0.1"], ["current_sign_in_ip", "127.0.0.1"], ["sign_in_count", 1], ["updated_at", "2015-07-30 19:56:54.408839"], ["id", 1]]
  [1m[36m (116.4ms)[0m  [1mcommit transaction[0m
Redirected to http://localhost:3000/
Completed 302 Found in 602ms (ActiveRecord: 507.9ms)


Started GET "/" for 127.0.0.1 at 2015-07-30 15:56:54 -0400
Processing by MoviesController#index as HTML
  [1m[35mUser Load (0.2ms)[0m  SELECT  "users".* FROM "users" WHERE "users"."id" = ?  ORDER BY "users"."id" ASC LIMIT 1  [["id", 1]]
  [1m[36mMovie Load (0.4ms)[0m  [1mSELECT "movies".* FROM "movies"[0m
  Rendered movies/index.html.erb within layouts/application (2.9ms)
  Rendered layouts/_header.html.erb (0.2ms)
Completed 200 OK in 76ms (Views: 74.4ms | ActiveRecord: 0.6ms)


Started GET "/" for 127.0.0.1 at 2015-07-30 15:57:02 -0400
Processing by MoviesController#index as HTML
  [1m[35mUser Load (0.1ms)[0m  SELECT  "users".* FROM "users" WHERE "users"."id" = ?  ORDER BY "users"."id" ASC LIMIT 1  [["id", 1]]
  [1m[36mMovie Load (0.2ms)[0m  [1mSELECT "movies".* FROM "movies"[0m
  Rendered movies/index.html.erb within layouts/application (1.6ms)
  Rendered layouts/_header.html.erb (0.2ms)
Completed 200 OK in 68ms (Views: 66.7ms | ActiveRecord: 0.3ms)


Started GET "/assets/movies.self-e3b0c44298fc1c149afbf4c8996fb92427ae41e4649b934ca495991b7852b855.css?body=1" for 127.0.0.1 at 2015-07-30 15:57:03 -0400


Started GET "/assets/application.self-d99d1716a9e1ebca82c1f151c544cc355801be632c8f87c32d7b1ef7567783da.css?body=1" for 127.0.0.1 at 2015-07-30 15:57:03 -0400


Started GET "/assets/jquery_ujs.self-ca5248a2fad13d6bd58ea121318d642f195f0b2dd818b30615f785ff365e8d1f.js?body=1" for 127.0.0.1 at 2015-07-30 15:57:03 -0400


Started GET "/assets/reviews.self-e3b0c44298fc1c149afbf4c8996fb92427ae41e4649b934ca495991b7852b855.css?body=1" for 127.0.0.1 at 2015-07-30 15:57:03 -0400


Started GET "/assets/jquery.self-d03a5518f45df77341bdbe6201ba3bfa547ebba8ed64f0ea56bfa5f96ea7c074.js?body=1" for 127.0.0.1 at 2015-07-30 15:57:03 -0400


Started GET "/assets/scaffolds.self-3d715b6cf644fdcf46cf5c97ad3df0c0d8afdfb7a67600169d0ac77fa095619c.css?body=1" for 127.0.0.1 at 2015-07-30 15:57:03 -0400


Started GET "/assets/bootstrap/affix.self-f7aef9d98ee5ece34a6a92a6a15bba777d93e8d908b75c95a85088277f394200.js?body=1" for 127.0.0.1 at 2015-07-30 15:57:03 -0400


Started GET "/assets/bootstrap/alert.self-896ab026e6823f5cef2441e07dac53d0692a5b772ac58b1ce20aa624c342d3f4.js?body=1" for 127.0.0.1 at 2015-07-30 15:57:03 -0400


Started GET "/assets/bootstrap/button.self-d19f3e2bcd3a7a4d75c11b9141b3fabd2c11987da1e99c85548ec3ecf8db30c3.js?body=1" for 127.0.0.1 at 2015-07-30 15:57:03 -0400


Started GET "/assets/bootstrap/carousel.self-b2e5e14483e6c31343a83861b7d487620f143d6fc2d07d5ae7544b6b225ba6be.js?body=1" for 127.0.0.1 at 2015-07-30 15:57:03 -0400


Started GET "/assets/bootstrap/collapse.self-93820e9b486e375a7fb4477602def3a6f8381fa6d50938d5378297ffbe4a1248.js?body=1" for 127.0.0.1 at 2015-07-30 15:57:03 -0400


Started GET "/assets/bootstrap/dropdown.self-30536ae4d54b2685c26b5787ed0eb549a9075717fe690cce6270873bedf2df00.js?body=1" for 127.0.0.1 at 2015-07-30 15:57:03 -0400


Started GET "/assets/bootstrap/tab.self-9b77df34cbbb08ec93a806d6cdb741f04e3dbf3389978a0679146f2d2987bc89.js?body=1" for 127.0.0.1 at 2015-07-30 15:57:03 -0400


Started GET "/assets/bootstrap/transition.self-9616c4e856b57659b67da3c6f2adcd584b5601ef4bebcdadab8ebb387d80bb25.js?body=1" for 127.0.0.1 at 2015-07-30 15:57:03 -0400


Started GET "/assets/bootstrap/scrollspy.self-c5c6ed008955656d345067e9821d79f1216b8383134d08465d4aa1a33a2b93b4.js?body=1" for 127.0.0.1 at 2015-07-30 15:57:03 -0400


Started GET "/assets/bootstrap/tooltip.self-3aa41fbe871573b34e0ebddf31598cd5a11a9841ca85f90934ea46326e46626d.js?body=1" for 127.0.0.1 at 2015-07-30 15:57:03 -0400


Started GET "/assets/bootstrap/modal.self-bcfe54f3132bf16a8c5ce4289e47eba488f6522a08f49f378a037061c6c7aa4c.js?body=1" for 127.0.0.1 at 2015-07-30 15:57:03 -0400


Started GET "/assets/bootstrap/popover.self-b73e9c9111d01148e24bbc46e096782e024dc5db630e7078cf11ed2587ef8551.js?body=1" for 127.0.0.1 at 2015-07-30 15:57:03 -0400


Started GET "/assets/bootstrap-sprockets.self-fbfa5ad7d9aa0afe439ec4ff3883acc4cb92b62cb67c40d674320c9aa1d4642d.js?body=1" for 127.0.0.1 at 2015-07-30 15:57:03 -0400


Started GET "/assets/turbolinks.self-c37727e9bd6b2735da5c311aa83fead54ed0be6cc8bd9a65309e9c5abe2cbfff.js?body=1" for 127.0.0.1 at 2015-07-30 15:57:03 -0400


Started GET "/assets/jquery.raty.self-628421be04f36f7a8fa8b9b884c6d7824d6f8bdeba4f172b131f15aa63f713e8.js?body=1" for 127.0.0.1 at 2015-07-30 15:57:03 -0400


Started GET "/assets/movies.self-877aef30ae1b040ab8a3aba4e3e309a11d7f2612f44dde450b5c157aa5f95c05.js?body=1" for 127.0.0.1 at 2015-07-30 15:57:03 -0400


Started GET "/assets/reviews.self-877aef30ae1b040ab8a3aba4e3e309a11d7f2612f44dde450b5c157aa5f95c05.js?body=1" for 127.0.0.1 at 2015-07-30 15:57:03 -0400


Started GET "/assets/application.self-f8806224e027f3e3f0138ea9ce99319e298dfdb323304d1f1be6eae8e8c74724.js?body=1" for 127.0.0.1 at 2015-07-30 15:57:03 -0400


Started GET "/movies/new" for 127.0.0.1 at 2015-07-30 15:57:04 -0400
Processing by MoviesController#new as HTML
  [1m[35mUser Load (0.1ms)[0m  SELECT  "users".* FROM "users" WHERE "users"."id" = ?  ORDER BY "users"."id" ASC LIMIT 1  [["id", 1]]
  Rendered movies/_form.html.erb (4.2ms)
  Rendered movies/new.html.erb within layouts/application (5.2ms)
  Rendered layouts/_header.html.erb (0.6ms)
Completed 200 OK in 91ms (Views: 73.0ms | ActiveRecord: 0.2ms)


Started GET "/" for 127.0.0.1 at 2015-07-30 15:57:07 -0400
Processing by MoviesController#index as HTML
  [1m[36mUser Load (0.1ms)[0m  [1mSELECT  "users".* FROM "users" WHERE "users"."id" = ?  ORDER BY "users"."id" ASC LIMIT 1[0m  [["id", 1]]
  [1m[35mMovie Load (0.1ms)[0m  SELECT "movies".* FROM "movies"
  Rendered movies/index.html.erb within layouts/application (2.0ms)
  Rendered layouts/_header.html.erb (0.2ms)
Completed 200 OK in 76ms (Views: 75.3ms | ActiveRecord: 0.2ms)


Started GET "/users/edit" for 127.0.0.1 at 2015-07-30 15:57:09 -0400
Processing by Devise::RegistrationsController#edit as HTML
  [1m[36mUser Load (0.1ms)[0m  [1mSELECT  "users".* FROM "users" WHERE "users"."id" = ?  ORDER BY "users"."id" ASC LIMIT 1[0m  [["id", 1]]
  Rendered devise/registrations/edit.html.erb within layouts/application (2.8ms)
  Rendered layouts/_header.html.erb (0.2ms)
Completed 200 OK in 72ms (Views: 71.0ms | ActiveRecord: 0.1ms)


Started GET "/movies/new" for 127.0.0.1 at 2015-07-30 15:57:11 -0400
Processing by MoviesController#new as HTML
  [1m[35mUser Load (0.1ms)[0m  SELECT  "users".* FROM "users" WHERE "users"."id" = ?  ORDER BY "users"."id" ASC LIMIT 1  [["id", 1]]
  Rendered movies/_form.html.erb (2.1ms)
  Rendered movies/new.html.erb within layouts/application (2.9ms)
  Rendered layouts/_header.html.erb (0.2ms)
Completed 200 OK in 76ms (Views: 74.6ms | ActiveRecord: 0.1ms)


Started POST "/movies" for 127.0.0.1 at 2015-07-30 15:57:19 -0400
Processing by MoviesController#create as HTML
  Parameters: {"utf8"=>"✓", "authenticity_token"=>"Q/9I1GQ8VyRhf1v1fv/PbukWbo5HWq1VN1vfBU3L3g6KyMg0zOSs1G1nDrPCh+kR7+RGBaM4umZUWAK1MS6BNg==", "movie"=>{"title"=>"Batman", "description"=>"", "movie_length"=>"", "director"=>"", "rating"=>""}, "commit"=>"Create Movie"}
  [1m[36mUser Load (0.3ms)[0m  [1mSELECT  "users".* FROM "users" WHERE "users"."id" = ?  ORDER BY "users"."id" ASC LIMIT 1[0m  [["id", 1]]
  [1m[35m (0.1ms)[0m  begin transaction
  [1m[36mSQL (0.2ms)[0m  [1mINSERT INTO "movies" ("title", "description", "movie_length", "director", "rating", "user_id", "created_at", "updated_at") VALUES (?, ?, ?, ?, ?, ?, ?, ?)[0m  [["title", "Batman"], ["description", ""], ["movie_length", ""], ["director", ""], ["rating", ""], ["user_id", 1], ["created_at", "2015-07-30 19:57:19.277282"], ["updated_at", "2015-07-30 19:57:19.277282"]]
  [1m[35m (433.5ms)[0m  commit transaction
Redirected to http://localhost:3000/movies/1
Completed 302 Found in 441ms (ActiveRecord: 434.2ms)


Started GET "/movies/1" for 127.0.0.1 at 2015-07-30 15:57:19 -0400
Processing by MoviesController#show as HTML
  Parameters: {"id"=>"1"}
  [1m[36mMovie Load (0.2ms)[0m  [1mSELECT  "movies".* FROM "movies" WHERE "movies"."id" = ? LIMIT 1[0m  [["id", 1]]
  [1m[35mReview Load (0.2ms)[0m  SELECT "reviews".* FROM "reviews" WHERE "reviews"."movie_id" = ?  ORDER BY created_at DESC  [["movie_id", 1]]
  Rendered movies/show.html.erb within layouts/application (2.9ms)
  [1m[36mUser Load (0.1ms)[0m  [1mSELECT  "users".* FROM "users" WHERE "users"."id" = ?  ORDER BY "users"."id" ASC LIMIT 1[0m  [["id", 1]]
  Rendered layouts/_header.html.erb (1.0ms)
Completed 200 OK in 75ms (Views: 69.6ms | ActiveRecord: 0.6ms)


Started GET "/images/medium/missing.png" for 127.0.0.1 at 2015-07-30 15:57:19 -0400

ActionController::RoutingError (No route matches [GET] "/images/medium/missing.png"):
  vendor/cache/gems/actionpack-4.2.3/lib/action_dispatch/middleware/debug_exceptions.rb:21:in `call'
  vendor/cache/gems/web-console-2.2.1/lib/web_console/middleware.rb:39:in `call'
  vendor/cache/gems/actionpack-4.2.3/lib/action_dispatch/middleware/show_exceptions.rb:30:in `call'
  vendor/cache/gems/railties-4.2.3/lib/rails/rack/logger.rb:38:in `call_app'
  vendor/cache/gems/railties-4.2.3/lib/rails/rack/logger.rb:20:in `block in call'
  vendor/cache/gems/activesupport-4.2.3/lib/active_support/tagged_logging.rb:68:in `block in tagged'
  vendor/cache/gems/activesupport-4.2.3/lib/active_support/tagged_logging.rb:26:in `tagged'
  vendor/cache/gems/activesupport-4.2.3/lib/active_support/tagged_logging.rb:68:in `tagged'
  vendor/cache/gems/railties-4.2.3/lib/rails/rack/logger.rb:20:in `call'
  vendor/cache/gems/actionpack-4.2.3/lib/action_dispatch/middleware/request_id.rb:21:in `call'
  vendor/cache/gems/rack-1.6.4/lib/rack/methodoverride.rb:22:in `call'
  vendor/cache/gems/rack-1.6.4/lib/rack/runtime.rb:18:in `call'
  vendor/cache/gems/activesupport-4.2.3/lib/active_support/cache/strategy/local_cache_middleware.rb:28:in `call'
  vendor/cache/gems/rack-1.6.4/lib/rack/lock.rb:17:in `call'
  vendor/cache/gems/actionpack-4.2.3/lib/action_dispatch/middleware/static.rb:116:in `call'
  vendor/cache/gems/rack-1.6.4/lib/rack/sendfile.rb:113:in `call'
  vendor/cache/gems/railties-4.2.3/lib/rails/engine.rb:518:in `call'
  vendor/cache/gems/railties-4.2.3/lib/rails/application.rb:165:in `call'
  vendor/cache/gems/rack-1.6.4/lib/rack/lock.rb:17:in `call'
  vendor/cache/gems/rack-1.6.4/lib/rack/content_length.rb:15:in `call'
  vendor/cache/gems/rack-1.6.4/lib/rack/handler/webrick.rb:88:in `service'
  /home/paulbamberg22/.rbenv/versions/2.2.2/lib/ruby/2.2.0/webrick/httpserver.rb:138:in `service'
  /home/paulbamberg22/.rbenv/versions/2.2.2/lib/ruby/2.2.0/webrick/httpserver.rb:94:in `run'
  /home/paulbamberg22/.rbenv/versions/2.2.2/lib/ruby/2.2.0/webrick/server.rb:294:in `block in start_thread'


  Rendered vendor/cache/gems/actionpack-4.2.3/lib/action_dispatch/middleware/templates/rescues/_trace.html.erb (10.2ms)
  Rendered vendor/cache/gems/actionpack-4.2.3/lib/action_dispatch/middleware/templates/routes/_route.html.erb (1.4ms)
  Rendered vendor/cache/gems/actionpack-4.2.3/lib/action_dispatch/middleware/templates/routes/_table.html.erb (2.2ms)
  Rendered vendor/cache/gems/actionpack-4.2.3/lib/action_dispatch/middleware/templates/rescues/_request_and_response.html.erb (1.0ms)
  Rendered vendor/cache/gems/actionpack-4.2.3/lib/action_dispatch/middleware/templates/rescues/routing_error.html.erb within rescues/layout (39.4ms)
  Rendered vendor/cache/gems/web-console-2.2.1/lib/web_console/templates/_markup.html.erb (0.2ms)
  Rendered vendor/cache/gems/web-console-2.2.1/lib/web_console/templates/_inner_console_markup.html.erb within layouts/inlined_string (0.2ms)
  Rendered vendor/cache/gems/web-console-2.2.1/lib/web_console/templates/_prompt_box_markup.html.erb within layouts/inlined_string (0.3ms)
  Rendered vendor/cache/gems/web-console-2.2.1/lib/web_console/templates/style.css.erb within layouts/inlined_string (0.3ms)
  Rendered vendor/cache/gems/web-console-2.2.1/lib/web_console/templates/console.js.erb within layouts/javascript (16.1ms)
  Rendered vendor/cache/gems/web-console-2.2.1/lib/web_console/templates/main.js.erb within layouts/javascript (0.3ms)
  Rendered vendor/cache/gems/web-console-2.2.1/lib/web_console/templates/error_page.js.erb within layouts/javascript (0.3ms)
  Rendered vendor/cache/gems/web-console-2.2.1/lib/web_console/templates/index.html.erb (32.1ms)


Started GET "/users/edit" for 127.0.0.1 at 2015-07-30 15:57:46 -0400
Processing by Devise::RegistrationsController#edit as HTML
  [1m[35mUser Load (0.1ms)[0m  SELECT  "users".* FROM "users" WHERE "users"."id" = ?  ORDER BY "users"."id" ASC LIMIT 1  [["id", 1]]
  Rendered devise/registrations/edit.html.erb within layouts/application (2.2ms)
  Rendered layouts/_header.html.erb (0.2ms)
Completed 200 OK in 81ms (Views: 80.1ms | ActiveRecord: 0.1ms)


Started GET "/movies/new" for 127.0.0.1 at 2015-07-30 15:57:49 -0400
Processing by MoviesController#new as HTML
  [1m[36mUser Load (0.2ms)[0m  [1mSELECT  "users".* FROM "users" WHERE "users"."id" = ?  ORDER BY "users"."id" ASC LIMIT 1[0m  [["id", 1]]
  Rendered movies/_form.html.erb (3.1ms)
  Rendered movies/new.html.erb within layouts/application (4.0ms)
  Rendered layouts/_header.html.erb (0.2ms)
Completed 200 OK in 77ms (Views: 72.5ms | ActiveRecord: 0.2ms)


Started GET "/" for 127.0.0.1 at 2015-07-30 15:57:52 -0400
Processing by MoviesController#index as HTML
  [1m[35mUser Load (0.1ms)[0m  SELECT  "users".* FROM "users" WHERE "users"."id" = ?  ORDER BY "users"."id" ASC LIMIT 1  [["id", 1]]
  [1m[36mMovie Load (0.1ms)[0m  [1mSELECT "movies".* FROM "movies"[0m
  Rendered movies/index.html.erb within layouts/application (2.4ms)
  Rendered layouts/_header.html.erb (0.2ms)
Completed 200 OK in 71ms (Views: 69.8ms | ActiveRecord: 0.2ms)


Started GET "/images/medium/missing.png" for 127.0.0.1 at 2015-07-30 15:57:52 -0400

ActionController::RoutingError (No route matches [GET] "/images/medium/missing.png"):
  vendor/cache/gems/actionpack-4.2.3/lib/action_dispatch/middleware/debug_exceptions.rb:21:in `call'
  vendor/cache/gems/web-console-2.2.1/lib/web_console/middleware.rb:39:in `call'
  vendor/cache/gems/actionpack-4.2.3/lib/action_dispatch/middleware/show_exceptions.rb:30:in `call'
  vendor/cache/gems/railties-4.2.3/lib/rails/rack/logger.rb:38:in `call_app'
  vendor/cache/gems/railties-4.2.3/lib/rails/rack/logger.rb:20:in `block in call'
  vendor/cache/gems/activesupport-4.2.3/lib/active_support/tagged_logging.rb:68:in `block in tagged'
  vendor/cache/gems/activesupport-4.2.3/lib/active_support/tagged_logging.rb:26:in `tagged'
  vendor/cache/gems/activesupport-4.2.3/lib/active_support/tagged_logging.rb:68:in `tagged'
  vendor/cache/gems/railties-4.2.3/lib/rails/rack/logger.rb:20:in `call'
  vendor/cache/gems/actionpack-4.2.3/lib/action_dispatch/middleware/request_id.rb:21:in `call'
  vendor/cache/gems/rack-1.6.4/lib/rack/methodoverride.rb:22:in `call'
  vendor/cache/gems/rack-1.6.4/lib/rack/runtime.rb:18:in `call'
  vendor/cache/gems/activesupport-4.2.3/lib/active_support/cache/strategy/local_cache_middleware.rb:28:in `call'
  vendor/cache/gems/rack-1.6.4/lib/rack/lock.rb:17:in `call'
  vendor/cache/gems/actionpack-4.2.3/lib/action_dispatch/middleware/static.rb:116:in `call'
  vendor/cache/gems/rack-1.6.4/lib/rack/sendfile.rb:113:in `call'
  vendor/cache/gems/railties-4.2.3/lib/rails/engine.rb:518:in `call'
  vendor/cache/gems/railties-4.2.3/lib/rails/application.rb:165:in `call'
  vendor/cache/gems/rack-1.6.4/lib/rack/lock.rb:17:in `call'
  vendor/cache/gems/rack-1.6.4/lib/rack/content_length.rb:15:in `call'
  vendor/cache/gems/rack-1.6.4/lib/rack/handler/webrick.rb:88:in `service'
  /home/paulbamberg22/.rbenv/versions/2.2.2/lib/ruby/2.2.0/webrick/httpserver.rb:138:in `service'
  /home/paulbamberg22/.rbenv/versions/2.2.2/lib/ruby/2.2.0/webrick/httpserver.rb:94:in `run'
  /home/paulbamberg22/.rbenv/versions/2.2.2/lib/ruby/2.2.0/webrick/server.rb:294:in `block in start_thread'


  Rendered vendor/cache/gems/actionpack-4.2.3/lib/action_dispatch/middleware/templates/rescues/_trace.html.erb (1.0ms)
  Rendered vendor/cache/gems/actionpack-4.2.3/lib/action_dispatch/middleware/templates/routes/_route.html.erb (1.4ms)
  Rendered vendor/cache/gems/actionpack-4.2.3/lib/action_dispatch/middleware/templates/routes/_table.html.erb (1.1ms)
  Rendered vendor/cache/gems/actionpack-4.2.3/lib/action_dispatch/middleware/templates/rescues/_request_and_response.html.erb (1.0ms)
  Rendered vendor/cache/gems/actionpack-4.2.3/lib/action_dispatch/middleware/templates/rescues/routing_error.html.erb within rescues/layout (26.1ms)
  Rendered vendor/cache/gems/web-console-2.2.1/lib/web_console/templates/_markup.html.erb (0.3ms)
  Rendered vendor/cache/gems/web-console-2.2.1/lib/web_console/templates/_inner_console_markup.html.erb within layouts/inlined_string (0.2ms)
  Rendered vendor/cache/gems/web-console-2.2.1/lib/web_console/templates/_prompt_box_markup.html.erb within layouts/inlined_string (0.2ms)
  Rendered vendor/cache/gems/web-console-2.2.1/lib/web_console/templates/style.css.erb within layouts/inlined_string (0.2ms)
  Rendered vendor/cache/gems/web-console-2.2.1/lib/web_console/templates/console.js.erb within layouts/javascript (14.9ms)
  Rendered vendor/cache/gems/web-console-2.2.1/lib/web_console/templates/main.js.erb within layouts/javascript (0.2ms)
  Rendered vendor/cache/gems/web-console-2.2.1/lib/web_console/templates/error_page.js.erb within layouts/javascript (0.3ms)
  Rendered vendor/cache/gems/web-console-2.2.1/lib/web_console/templates/index.html.erb (30.4ms)


Started GET "/movies/new" for 127.0.0.1 at 2015-07-30 15:59:31 -0400
Processing by MoviesController#new as HTML
  [1m[35mUser Load (0.1ms)[0m  SELECT  "users".* FROM "users" WHERE "users"."id" = ?  ORDER BY "users"."id" ASC LIMIT 1  [["id", 1]]
  Rendered movies/_form.html.erb (2.4ms)
  Rendered movies/new.html.erb within layouts/application (3.6ms)
  Rendered layouts/_header.html.erb (0.2ms)
Completed 200 OK in 86ms (Views: 84.1ms | ActiveRecord: 0.1ms)


Started POST "/movies" for 127.0.0.1 at 2015-07-30 15:59:33 -0400
Processing by MoviesController#create as HTML
  Parameters: {"utf8"=>"✓", "authenticity_token"=>"y7WPJGrop2Wi+kCjE/3G39P74OI5ZhofOnzcbN1NQr0Cgg/EwjBcla7iFeWvheCg1QnIad0EDSxZfwHcoagdhQ==", "movie"=>{"title"=>"", "description"=>"", "movie_length"=>"", "director"=>"", "rating"=>""}, "commit"=>"Create Movie"}
  [1m[36mUser Load (0.2ms)[0m  [1mSELECT  "users".* FROM "users" WHERE "users"."id" = ?  ORDER BY "users"."id" ASC LIMIT 1[0m  [["id", 1]]
  [1m[35m (0.0ms)[0m  begin transaction
  [1m[36mSQL (0.1ms)[0m  [1mINSERT INTO "movies" ("title", "description", "movie_length", "director", "rating", "user_id", "created_at", "updated_at") VALUES (?, ?, ?, ?, ?, ?, ?, ?)[0m  [["title", ""], ["description", ""], ["movie_length", ""], ["director", ""], ["rating", ""], ["user_id", 1], ["created_at", "2015-07-30 19:59:33.790548"], ["updated_at", "2015-07-30 19:59:33.790548"]]
  [1m[35m (396.3ms)[0m  commit transaction
Redirected to http://localhost:3000/movies/2
Completed 302 Found in 402ms (ActiveRecord: 396.7ms)


Started GET "/movies/2" for 127.0.0.1 at 2015-07-30 15:59:34 -0400
Processing by MoviesController#show as HTML
  Parameters: {"id"=>"2"}
  [1m[36mMovie Load (0.1ms)[0m  [1mSELECT  "movies".* FROM "movies" WHERE "movies"."id" = ? LIMIT 1[0m  [["id", 2]]
  [1m[35mReview Load (0.1ms)[0m  SELECT "reviews".* FROM "reviews" WHERE "reviews"."movie_id" = ?  ORDER BY created_at DESC  [["movie_id", 2]]
  Rendered movies/show.html.erb within layouts/application (1.8ms)
  [1m[36mUser Load (0.1ms)[0m  [1mSELECT  "users".* FROM "users" WHERE "users"."id" = ?  ORDER BY "users"."id" ASC LIMIT 1[0m  [["id", 1]]
  Rendered layouts/_header.html.erb (1.1ms)
Completed 200 OK in 73ms (Views: 71.6ms | ActiveRecord: 0.2ms)


Started GET "/images/medium/missing.png" for 127.0.0.1 at 2015-07-30 15:59:34 -0400

ActionController::RoutingError (No route matches [GET] "/images/medium/missing.png"):
  vendor/cache/gems/actionpack-4.2.3/lib/action_dispatch/middleware/debug_exceptions.rb:21:in `call'
  vendor/cache/gems/web-console-2.2.1/lib/web_console/middleware.rb:39:in `call'
  vendor/cache/gems/actionpack-4.2.3/lib/action_dispatch/middleware/show_exceptions.rb:30:in `call'
  vendor/cache/gems/railties-4.2.3/lib/rails/rack/logger.rb:38:in `call_app'
  vendor/cache/gems/railties-4.2.3/lib/rails/rack/logger.rb:20:in `block in call'
  vendor/cache/gems/activesupport-4.2.3/lib/active_support/tagged_logging.rb:68:in `block in tagged'
  vendor/cache/gems/activesupport-4.2.3/lib/active_support/tagged_logging.rb:26:in `tagged'
  vendor/cache/gems/activesupport-4.2.3/lib/active_support/tagged_logging.rb:68:in `tagged'
  vendor/cache/gems/railties-4.2.3/lib/rails/rack/logger.rb:20:in `call'
  vendor/cache/gems/actionpack-4.2.3/lib/action_dispatch/middleware/request_id.rb:21:in `call'
  vendor/cache/gems/rack-1.6.4/lib/rack/methodoverride.rb:22:in `call'
  vendor/cache/gems/rack-1.6.4/lib/rack/runtime.rb:18:in `call'
  vendor/cache/gems/activesupport-4.2.3/lib/active_support/cache/strategy/local_cache_middleware.rb:28:in `call'
  vendor/cache/gems/rack-1.6.4/lib/rack/lock.rb:17:in `call'
  vendor/cache/gems/actionpack-4.2.3/lib/action_dispatch/middleware/static.rb:116:in `call'
  vendor/cache/gems/rack-1.6.4/lib/rack/sendfile.rb:113:in `call'
  vendor/cache/gems/railties-4.2.3/lib/rails/engine.rb:518:in `call'
  vendor/cache/gems/railties-4.2.3/lib/rails/application.rb:165:in `call'
  vendor/cache/gems/rack-1.6.4/lib/rack/lock.rb:17:in `call'
  vendor/cache/gems/rack-1.6.4/lib/rack/content_length.rb:15:in `call'
  vendor/cache/gems/rack-1.6.4/lib/rack/handler/webrick.rb:88:in `service'
  /home/paulbamberg22/.rbenv/versions/2.2.2/lib/ruby/2.2.0/webrick/httpserver.rb:138:in `service'
  /home/paulbamberg22/.rbenv/versions/2.2.2/lib/ruby/2.2.0/webrick/httpserver.rb:94:in `run'
  /home/paulbamberg22/.rbenv/versions/2.2.2/lib/ruby/2.2.0/webrick/server.rb:294:in `block in start_thread'


  Rendered vendor/cache/gems/actionpack-4.2.3/lib/action_dispatch/middleware/templates/rescues/_trace.html.erb (1.2ms)
  Rendered vendor/cache/gems/actionpack-4.2.3/lib/action_dispatch/middleware/templates/routes/_route.html.erb (2.0ms)
  Rendered vendor/cache/gems/actionpack-4.2.3/lib/action_dispatch/middleware/templates/routes/_table.html.erb (1.0ms)
  Rendered vendor/cache/gems/actionpack-4.2.3/lib/action_dispatch/middleware/templates/rescues/_request_and_response.html.erb (1.0ms)
  Rendered vendor/cache/gems/actionpack-4.2.3/lib/action_dispatch/middleware/templates/rescues/routing_error.html.erb within rescues/layout (29.6ms)
  Rendered vendor/cache/gems/web-console-2.2.1/lib/web_console/templates/_markup.html.erb (0.8ms)
  Rendered vendor/cache/gems/web-console-2.2.1/lib/web_console/templates/_inner_console_markup.html.erb within layouts/inlined_string (0.2ms)
  Rendered vendor/cache/gems/web-console-2.2.1/lib/web_console/templates/_prompt_box_markup.html.erb within layouts/inlined_string (0.3ms)
  Rendered vendor/cache/gems/web-console-2.2.1/lib/web_console/templates/style.css.erb within layouts/inlined_string (0.3ms)
  Rendered vendor/cache/gems/web-console-2.2.1/lib/web_console/templates/console.js.erb within layouts/javascript (15.9ms)
  Rendered vendor/cache/gems/web-console-2.2.1/lib/web_console/templates/main.js.erb within layouts/javascript (0.3ms)
  Rendered vendor/cache/gems/web-console-2.2.1/lib/web_console/templates/error_page.js.erb within layouts/javascript (0.4ms)
  Rendered vendor/cache/gems/web-console-2.2.1/lib/web_console/templates/index.html.erb (33.9ms)


Started GET "/movies/new" for 127.0.0.1 at 2015-07-30 17:06:13 -0400
  [1m[36mActiveRecord::SchemaMigration Load (0.1ms)[0m  [1mSELECT "schema_migrations".* FROM "schema_migrations"[0m
Processing by MoviesController#new as HTML
  [1m[35mUser Load (0.2ms)[0m  SELECT  "users".* FROM "users" WHERE "users"."id" = ?  ORDER BY "users"."id" ASC LIMIT 1  [["id", 1]]
  Rendered movies/_form.html.erb (19.8ms)
  Rendered movies/new.html.erb within layouts/application (23.5ms)
  Rendered layouts/_header.html.erb (2.0ms)
Completed 200 OK in 407ms (Views: 350.0ms | ActiveRecord: 0.9ms)


Started GET "/assets/reviews.self-e3b0c44298fc1c149afbf4c8996fb92427ae41e4649b934ca495991b7852b855.css?body=1" for 127.0.0.1 at 2015-07-30 17:06:13 -0400


Started GET "/assets/movies.self-e3b0c44298fc1c149afbf4c8996fb92427ae41e4649b934ca495991b7852b855.css?body=1" for 127.0.0.1 at 2015-07-30 17:06:13 -0400


Started GET "/assets/scaffolds.self-3d715b6cf644fdcf46cf5c97ad3df0c0d8afdfb7a67600169d0ac77fa095619c.css?body=1" for 127.0.0.1 at 2015-07-30 17:06:13 -0400


Started GET "/assets/jquery.self-d03a5518f45df77341bdbe6201ba3bfa547ebba8ed64f0ea56bfa5f96ea7c074.js?body=1" for 127.0.0.1 at 2015-07-30 17:06:13 -0400


Started GET "/assets/application.self-d99d1716a9e1ebca82c1f151c544cc355801be632c8f87c32d7b1ef7567783da.css?body=1" for 127.0.0.1 at 2015-07-30 17:06:13 -0400


Started GET "/assets/jquery_ujs.self-ca5248a2fad13d6bd58ea121318d642f195f0b2dd818b30615f785ff365e8d1f.js?body=1" for 127.0.0.1 at 2015-07-30 17:06:13 -0400


Started GET "/assets/bootstrap/alert.self-896ab026e6823f5cef2441e07dac53d0692a5b772ac58b1ce20aa624c342d3f4.js?body=1" for 127.0.0.1 at 2015-07-30 17:06:13 -0400


Started GET "/assets/bootstrap/affix.self-f7aef9d98ee5ece34a6a92a6a15bba777d93e8d908b75c95a85088277f394200.js?body=1" for 127.0.0.1 at 2015-07-30 17:06:13 -0400


Started GET "/assets/bootstrap/button.self-d19f3e2bcd3a7a4d75c11b9141b3fabd2c11987da1e99c85548ec3ecf8db30c3.js?body=1" for 127.0.0.1 at 2015-07-30 17:06:13 -0400


Started GET "/assets/bootstrap/carousel.self-b2e5e14483e6c31343a83861b7d487620f143d6fc2d07d5ae7544b6b225ba6be.js?body=1" for 127.0.0.1 at 2015-07-30 17:06:13 -0400


Started GET "/assets/bootstrap/collapse.self-93820e9b486e375a7fb4477602def3a6f8381fa6d50938d5378297ffbe4a1248.js?body=1" for 127.0.0.1 at 2015-07-30 17:06:13 -0400


Started GET "/assets/bootstrap/dropdown.self-30536ae4d54b2685c26b5787ed0eb549a9075717fe690cce6270873bedf2df00.js?body=1" for 127.0.0.1 at 2015-07-30 17:06:13 -0400


Started GET "/assets/bootstrap/tab.self-9b77df34cbbb08ec93a806d6cdb741f04e3dbf3389978a0679146f2d2987bc89.js?body=1" for 127.0.0.1 at 2015-07-30 17:06:13 -0400


Started GET "/assets/bootstrap/transition.self-9616c4e856b57659b67da3c6f2adcd584b5601ef4bebcdadab8ebb387d80bb25.js?body=1" for 127.0.0.1 at 2015-07-30 17:06:13 -0400


Started GET "/assets/bootstrap/scrollspy.self-c5c6ed008955656d345067e9821d79f1216b8383134d08465d4aa1a33a2b93b4.js?body=1" for 127.0.0.1 at 2015-07-30 17:06:13 -0400


Started GET "/assets/bootstrap/modal.self-bcfe54f3132bf16a8c5ce4289e47eba488f6522a08f49f378a037061c6c7aa4c.js?body=1" for 127.0.0.1 at 2015-07-30 17:06:13 -0400


Started GET "/assets/bootstrap/tooltip.self-3aa41fbe871573b34e0ebddf31598cd5a11a9841ca85f90934ea46326e46626d.js?body=1" for 127.0.0.1 at 2015-07-30 17:06:13 -0400


Started GET "/assets/bootstrap/popover.self-b73e9c9111d01148e24bbc46e096782e024dc5db630e7078cf11ed2587ef8551.js?body=1" for 127.0.0.1 at 2015-07-30 17:06:13 -0400


Started GET "/assets/bootstrap-sprockets.self-fbfa5ad7d9aa0afe439ec4ff3883acc4cb92b62cb67c40d674320c9aa1d4642d.js?body=1" for 127.0.0.1 at 2015-07-30 17:06:13 -0400


Started GET "/assets/turbolinks.self-c37727e9bd6b2735da5c311aa83fead54ed0be6cc8bd9a65309e9c5abe2cbfff.js?body=1" for 127.0.0.1 at 2015-07-30 17:06:13 -0400


Started GET "/assets/jquery.raty.self-628421be04f36f7a8fa8b9b884c6d7824d6f8bdeba4f172b131f15aa63f713e8.js?body=1" for 127.0.0.1 at 2015-07-30 17:06:13 -0400


Started GET "/assets/movies.self-877aef30ae1b040ab8a3aba4e3e309a11d7f2612f44dde450b5c157aa5f95c05.js?body=1" for 127.0.0.1 at 2015-07-30 17:06:13 -0400


Started GET "/assets/reviews.self-877aef30ae1b040ab8a3aba4e3e309a11d7f2612f44dde450b5c157aa5f95c05.js?body=1" for 127.0.0.1 at 2015-07-30 17:06:13 -0400


Started GET "/assets/application.self-f8806224e027f3e3f0138ea9ce99319e298dfdb323304d1f1be6eae8e8c74724.js?body=1" for 127.0.0.1 at 2015-07-30 17:06:13 -0400


Started GET "/movies/new" for 127.0.0.1 at 2015-07-30 17:06:15 -0400
Processing by MoviesController#new as HTML
  [1m[36mUser Load (0.1ms)[0m  [1mSELECT  "users".* FROM "users" WHERE "users"."id" = ?  ORDER BY "users"."id" ASC LIMIT 1[0m  [["id", 1]]
  Rendered movies/_form.html.erb (3.1ms)
  Rendered movies/new.html.erb within layouts/application (3.9ms)
  Rendered layouts/_header.html.erb (0.2ms)
Completed 200 OK in 89ms (Views: 86.3ms | ActiveRecord: 0.1ms)


Started GET "/assets/movies.self-e3b0c44298fc1c149afbf4c8996fb92427ae41e4649b934ca495991b7852b855.css?body=1" for 127.0.0.1 at 2015-07-30 17:06:15 -0400


Started GET "/assets/scaffolds.self-3d715b6cf644fdcf46cf5c97ad3df0c0d8afdfb7a67600169d0ac77fa095619c.css?body=1" for 127.0.0.1 at 2015-07-30 17:06:15 -0400


Started GET "/assets/reviews.self-e3b0c44298fc1c149afbf4c8996fb92427ae41e4649b934ca495991b7852b855.css?body=1" for 127.0.0.1 at 2015-07-30 17:06:15 -0400


Started GET "/assets/application.self-d99d1716a9e1ebca82c1f151c544cc355801be632c8f87c32d7b1ef7567783da.css?body=1" for 127.0.0.1 at 2015-07-30 17:06:15 -0400


Started GET "/assets/jquery_ujs.self-ca5248a2fad13d6bd58ea121318d642f195f0b2dd818b30615f785ff365e8d1f.js?body=1" for 127.0.0.1 at 2015-07-30 17:06:15 -0400


Started GET "/assets/jquery.self-d03a5518f45df77341bdbe6201ba3bfa547ebba8ed64f0ea56bfa5f96ea7c074.js?body=1" for 127.0.0.1 at 2015-07-30 17:06:15 -0400


Started GET "/assets/bootstrap/affix.self-f7aef9d98ee5ece34a6a92a6a15bba777d93e8d908b75c95a85088277f394200.js?body=1" for 127.0.0.1 at 2015-07-30 17:06:15 -0400


Started GET "/assets/bootstrap/alert.self-896ab026e6823f5cef2441e07dac53d0692a5b772ac58b1ce20aa624c342d3f4.js?body=1" for 127.0.0.1 at 2015-07-30 17:06:15 -0400


Started GET "/assets/bootstrap/button.self-d19f3e2bcd3a7a4d75c11b9141b3fabd2c11987da1e99c85548ec3ecf8db30c3.js?body=1" for 127.0.0.1 at 2015-07-30 17:06:15 -0400


Started GET "/assets/bootstrap/collapse.self-93820e9b486e375a7fb4477602def3a6f8381fa6d50938d5378297ffbe4a1248.js?body=1" for 127.0.0.1 at 2015-07-30 17:06:15 -0400


Started GET "/assets/bootstrap/carousel.self-b2e5e14483e6c31343a83861b7d487620f143d6fc2d07d5ae7544b6b225ba6be.js?body=1" for 127.0.0.1 at 2015-07-30 17:06:15 -0400


Started GET "/assets/bootstrap/tab.self-9b77df34cbbb08ec93a806d6cdb741f04e3dbf3389978a0679146f2d2987bc89.js?body=1" for 127.0.0.1 at 2015-07-30 17:06:15 -0400


Started GET "/assets/bootstrap/dropdown.self-30536ae4d54b2685c26b5787ed0eb549a9075717fe690cce6270873bedf2df00.js?body=1" for 127.0.0.1 at 2015-07-30 17:06:15 -0400


Started GET "/assets/bootstrap/transition.self-9616c4e856b57659b67da3c6f2adcd584b5601ef4bebcdadab8ebb387d80bb25.js?body=1" for 127.0.0.1 at 2015-07-30 17:06:15 -0400


Started GET "/assets/bootstrap/scrollspy.self-c5c6ed008955656d345067e9821d79f1216b8383134d08465d4aa1a33a2b93b4.js?body=1" for 127.0.0.1 at 2015-07-30 17:06:15 -0400


Started GET "/assets/bootstrap/modal.self-bcfe54f3132bf16a8c5ce4289e47eba488f6522a08f49f378a037061c6c7aa4c.js?body=1" for 127.0.0.1 at 2015-07-30 17:06:15 -0400


Started GET "/assets/bootstrap/tooltip.self-3aa41fbe871573b34e0ebddf31598cd5a11a9841ca85f90934ea46326e46626d.js?body=1" for 127.0.0.1 at 2015-07-30 17:06:15 -0400


Started GET "/assets/bootstrap/popover.self-b73e9c9111d01148e24bbc46e096782e024dc5db630e7078cf11ed2587ef8551.js?body=1" for 127.0.0.1 at 2015-07-30 17:06:15 -0400


Started GET "/assets/bootstrap-sprockets.self-fbfa5ad7d9aa0afe439ec4ff3883acc4cb92b62cb67c40d674320c9aa1d4642d.js?body=1" for 127.0.0.1 at 2015-07-30 17:06:15 -0400


Started GET "/assets/turbolinks.self-c37727e9bd6b2735da5c311aa83fead54ed0be6cc8bd9a65309e9c5abe2cbfff.js?body=1" for 127.0.0.1 at 2015-07-30 17:06:15 -0400


Started GET "/assets/jquery.raty.self-628421be04f36f7a8fa8b9b884c6d7824d6f8bdeba4f172b131f15aa63f713e8.js?body=1" for 127.0.0.1 at 2015-07-30 17:06:15 -0400


Started GET "/assets/movies.self-877aef30ae1b040ab8a3aba4e3e309a11d7f2612f44dde450b5c157aa5f95c05.js?body=1" for 127.0.0.1 at 2015-07-30 17:06:15 -0400


Started GET "/assets/reviews.self-877aef30ae1b040ab8a3aba4e3e309a11d7f2612f44dde450b5c157aa5f95c05.js?body=1" for 127.0.0.1 at 2015-07-30 17:06:15 -0400


Started GET "/assets/application.self-f8806224e027f3e3f0138ea9ce99319e298dfdb323304d1f1be6eae8e8c74724.js?body=1" for 127.0.0.1 at 2015-07-30 17:06:15 -0400
  [1m[36mUser Load (3.3ms)[0m  [1mSELECT "users".* FROM "users"[0m


Started GET "/" for 127.0.0.1 at 2015-07-30 18:17:39 -0400
  [1m[36mActiveRecord::SchemaMigration Load (0.1ms)[0m  [1mSELECT "schema_migrations".* FROM "schema_migrations"[0m
Processing by MoviesController#index as HTML
  [1m[35mUser Load (0.5ms)[0m  SELECT  "users".* FROM "users" WHERE "users"."id" = ?  ORDER BY "users"."id" ASC LIMIT 1  [["id", 1]]
  [1m[36mMovie Load (0.2ms)[0m  [1mSELECT "movies".* FROM "movies"[0m
  Rendered movies/index.html.erb within layouts/application (23.7ms)
  Rendered layouts/_header.html.erb (0.6ms)
Completed 200 OK in 283ms (Views: 269.3ms | ActiveRecord: 1.1ms)


Started GET "/images/medium/missing.png" for 127.0.0.1 at 2015-07-30 18:17:39 -0400

ActionController::RoutingError (No route matches [GET] "/images/medium/missing.png"):
  vendor/cache/gems/actionpack-4.2.3/lib/action_dispatch/middleware/debug_exceptions.rb:21:in `call'
  vendor/cache/gems/web-console-2.2.1/lib/web_console/middleware.rb:39:in `call'
  vendor/cache/gems/actionpack-4.2.3/lib/action_dispatch/middleware/show_exceptions.rb:30:in `call'
  vendor/cache/gems/railties-4.2.3/lib/rails/rack/logger.rb:38:in `call_app'
  vendor/cache/gems/railties-4.2.3/lib/rails/rack/logger.rb:20:in `block in call'
  vendor/cache/gems/activesupport-4.2.3/lib/active_support/tagged_logging.rb:68:in `block in tagged'
  vendor/cache/gems/activesupport-4.2.3/lib/active_support/tagged_logging.rb:26:in `tagged'
  vendor/cache/gems/activesupport-4.2.3/lib/active_support/tagged_logging.rb:68:in `tagged'
  vendor/cache/gems/railties-4.2.3/lib/rails/rack/logger.rb:20:in `call'
  vendor/cache/gems/actionpack-4.2.3/lib/action_dispatch/middleware/request_id.rb:21:in `call'
  vendor/cache/gems/rack-1.6.4/lib/rack/methodoverride.rb:22:in `call'
  vendor/cache/gems/rack-1.6.4/lib/rack/runtime.rb:18:in `call'
  vendor/cache/gems/activesupport-4.2.3/lib/active_support/cache/strategy/local_cache_middleware.rb:28:in `call'
  vendor/cache/gems/rack-1.6.4/lib/rack/lock.rb:17:in `call'
  vendor/cache/gems/actionpack-4.2.3/lib/action_dispatch/middleware/static.rb:116:in `call'
  vendor/cache/gems/rack-1.6.4/lib/rack/sendfile.rb:113:in `call'
  vendor/cache/gems/railties-4.2.3/lib/rails/engine.rb:518:in `call'
  vendor/cache/gems/railties-4.2.3/lib/rails/application.rb:165:in `call'
  vendor/cache/gems/rack-1.6.4/lib/rack/lock.rb:17:in `call'
  vendor/cache/gems/rack-1.6.4/lib/rack/content_length.rb:15:in `call'
  vendor/cache/gems/rack-1.6.4/lib/rack/handler/webrick.rb:88:in `service'
  /home/paulbamberg22/.rbenv/versions/2.2.2/lib/ruby/2.2.0/webrick/httpserver.rb:138:in `service'
  /home/paulbamberg22/.rbenv/versions/2.2.2/lib/ruby/2.2.0/webrick/httpserver.rb:94:in `run'
  /home/paulbamberg22/.rbenv/versions/2.2.2/lib/ruby/2.2.0/webrick/server.rb:294:in `block in start_thread'


  Rendered vendor/cache/gems/actionpack-4.2.3/lib/action_dispatch/middleware/templates/rescues/_trace.html.erb (1.1ms)
  Rendered vendor/cache/gems/actionpack-4.2.3/lib/action_dispatch/middleware/templates/routes/_route.html.erb (1.5ms)
  Rendered vendor/cache/gems/actionpack-4.2.3/lib/action_dispatch/middleware/templates/routes/_table.html.erb (8.0ms)
  Rendered vendor/cache/gems/actionpack-4.2.3/lib/action_dispatch/middleware/templates/rescues/_request_and_response.html.erb (2.1ms)
  Rendered vendor/cache/gems/actionpack-4.2.3/lib/action_dispatch/middleware/templates/rescues/routing_error.html.erb within rescues/layout (40.3ms)
  Rendered vendor/cache/gems/web-console-2.2.1/lib/web_console/templates/_markup.html.erb (15.3ms)
  Rendered vendor/cache/gems/web-console-2.2.1/lib/web_console/templates/_inner_console_markup.html.erb within layouts/inlined_string (0.4ms)
  Rendered vendor/cache/gems/web-console-2.2.1/lib/web_console/templates/_prompt_box_markup.html.erb within layouts/inlined_string (0.5ms)
  Rendered vendor/cache/gems/web-console-2.2.1/lib/web_console/templates/style.css.erb within layouts/inlined_string (0.4ms)
  Rendered vendor/cache/gems/web-console-2.2.1/lib/web_console/templates/console.js.erb within layouts/javascript (23.9ms)
  Rendered vendor/cache/gems/web-console-2.2.1/lib/web_console/templates/main.js.erb within layouts/javascript (0.4ms)
  Rendered vendor/cache/gems/web-console-2.2.1/lib/web_console/templates/error_page.js.erb within layouts/javascript (0.5ms)
  Rendered vendor/cache/gems/web-console-2.2.1/lib/web_console/templates/index.html.erb (62.6ms)


Started GET "/" for 127.0.0.1 at 2015-07-30 18:17:45 -0400
Processing by MoviesController#index as HTML
  [1m[35mUser Load (0.1ms)[0m  SELECT  "users".* FROM "users" WHERE "users"."id" = ?  ORDER BY "users"."id" ASC LIMIT 1  [["id", 1]]
  [1m[36mMovie Load (0.2ms)[0m  [1mSELECT "movies".* FROM "movies"[0m
  Rendered movies/index.html.erb within layouts/application (5.1ms)
  Rendered layouts/_header.html.erb (0.6ms)
Completed 200 OK in 81ms (Views: 79.5ms | ActiveRecord: 0.3ms)


Started GET "/images/medium/missing.png" for 127.0.0.1 at 2015-07-30 18:17:45 -0400

ActionController::RoutingError (No route matches [GET] "/images/medium/missing.png"):
  vendor/cache/gems/actionpack-4.2.3/lib/action_dispatch/middleware/debug_exceptions.rb:21:in `call'
  vendor/cache/gems/web-console-2.2.1/lib/web_console/middleware.rb:39:in `call'
  vendor/cache/gems/actionpack-4.2.3/lib/action_dispatch/middleware/show_exceptions.rb:30:in `call'
  vendor/cache/gems/railties-4.2.3/lib/rails/rack/logger.rb:38:in `call_app'
  vendor/cache/gems/railties-4.2.3/lib/rails/rack/logger.rb:20:in `block in call'
  vendor/cache/gems/activesupport-4.2.3/lib/active_support/tagged_logging.rb:68:in `block in tagged'
  vendor/cache/gems/activesupport-4.2.3/lib/active_support/tagged_logging.rb:26:in `tagged'
  vendor/cache/gems/activesupport-4.2.3/lib/active_support/tagged_logging.rb:68:in `tagged'
  vendor/cache/gems/railties-4.2.3/lib/rails/rack/logger.rb:20:in `call'
  vendor/cache/gems/actionpack-4.2.3/lib/action_dispatch/middleware/request_id.rb:21:in `call'
  vendor/cache/gems/rack-1.6.4/lib/rack/methodoverride.rb:22:in `call'
  vendor/cache/gems/rack-1.6.4/lib/rack/runtime.rb:18:in `call'
  vendor/cache/gems/activesupport-4.2.3/lib/active_support/cache/strategy/local_cache_middleware.rb:28:in `call'
  vendor/cache/gems/rack-1.6.4/lib/rack/lock.rb:17:in `call'
  vendor/cache/gems/actionpack-4.2.3/lib/action_dispatch/middleware/static.rb:116:in `call'
  vendor/cache/gems/rack-1.6.4/lib/rack/sendfile.rb:113:in `call'
  vendor/cache/gems/railties-4.2.3/lib/rails/engine.rb:518:in `call'
  vendor/cache/gems/railties-4.2.3/lib/rails/application.rb:165:in `call'
  vendor/cache/gems/rack-1.6.4/lib/rack/lock.rb:17:in `call'
  vendor/cache/gems/rack-1.6.4/lib/rack/content_length.rb:15:in `call'
  vendor/cache/gems/rack-1.6.4/lib/rack/handler/webrick.rb:88:in `service'
  /home/paulbamberg22/.rbenv/versions/2.2.2/lib/ruby/2.2.0/webrick/httpserver.rb:138:in `service'
  /home/paulbamberg22/.rbenv/versions/2.2.2/lib/ruby/2.2.0/webrick/httpserver.rb:94:in `run'
  /home/paulbamberg22/.rbenv/versions/2.2.2/lib/ruby/2.2.0/webrick/server.rb:294:in `block in start_thread'


  Rendered vendor/cache/gems/actionpack-4.2.3/lib/action_dispatch/middleware/templates/rescues/_trace.html.erb (1.4ms)
  Rendered vendor/cache/gems/actionpack-4.2.3/lib/action_dispatch/middleware/templates/routes/_route.html.erb (1.4ms)
  Rendered vendor/cache/gems/actionpack-4.2.3/lib/action_dispatch/middleware/templates/routes/_table.html.erb (0.9ms)
  Rendered vendor/cache/gems/actionpack-4.2.3/lib/action_dispatch/middleware/templates/rescues/_request_and_response.html.erb (0.9ms)
  Rendered vendor/cache/gems/actionpack-4.2.3/lib/action_dispatch/middleware/templates/rescues/routing_error.html.erb within rescues/layout (27.5ms)
  Rendered vendor/cache/gems/web-console-2.2.1/lib/web_console/templates/_markup.html.erb (0.3ms)
  Rendered vendor/cache/gems/web-console-2.2.1/lib/web_console/templates/_inner_console_markup.html.erb within layouts/inlined_string (0.2ms)
  Rendered vendor/cache/gems/web-console-2.2.1/lib/web_console/templates/_prompt_box_markup.html.erb within layouts/inlined_string (0.2ms)
  Rendered vendor/cache/gems/web-console-2.2.1/lib/web_console/templates/style.css.erb within layouts/inlined_string (0.2ms)
  Rendered vendor/cache/gems/web-console-2.2.1/lib/web_console/templates/console.js.erb within layouts/javascript (15.3ms)
  Rendered vendor/cache/gems/web-console-2.2.1/lib/web_console/templates/main.js.erb within layouts/javascript (0.2ms)
  Rendered vendor/cache/gems/web-console-2.2.1/lib/web_console/templates/error_page.js.erb within layouts/javascript (0.3ms)
  Rendered vendor/cache/gems/web-console-2.2.1/lib/web_console/templates/index.html.erb (31.3ms)


Started GET "/movies/new" for 127.0.0.1 at 2015-07-30 18:17:48 -0400
Processing by MoviesController#new as HTML
  [1m[35mUser Load (0.1ms)[0m  SELECT  "users".* FROM "users" WHERE "users"."id" = ?  ORDER BY "users"."id" ASC LIMIT 1  [["id", 1]]
  Rendered movies/_form.html.erb (13.3ms)
  Rendered movies/new.html.erb within layouts/application (14.5ms)
  Rendered layouts/_header.html.erb (0.3ms)
Completed 200 OK in 109ms (Views: 95.6ms | ActiveRecord: 0.1ms)


Started GET "/users/edit" for 127.0.0.1 at 2015-07-30 18:17:49 -0400
Processing by Devise::RegistrationsController#edit as HTML
  [1m[36mUser Load (0.1ms)[0m  [1mSELECT  "users".* FROM "users" WHERE "users"."id" = ?  ORDER BY "users"."id" ASC LIMIT 1[0m  [["id", 1]]
  Rendered devise/registrations/edit.html.erb within layouts/application (4.5ms)
  Rendered layouts/_header.html.erb (0.2ms)
Completed 200 OK in 75ms (Views: 73.7ms | ActiveRecord: 0.1ms)


Started GET "/" for 127.0.0.1 at 2015-07-30 18:30:54 -0400
  [1m[36mActiveRecord::SchemaMigration Load (0.1ms)[0m  [1mSELECT "schema_migrations".* FROM "schema_migrations"[0m
Processing by MoviesController#index as HTML
  [1m[35mUser Load (0.2ms)[0m  SELECT  "users".* FROM "users" WHERE "users"."id" = ?  ORDER BY "users"."id" ASC LIMIT 1  [["id", 1]]
  [1m[36mMovie Load (0.6ms)[0m  [1mSELECT "movies".* FROM "movies"[0m
  Rendered movies/index.html.erb within layouts/application (24.1ms)
  Rendered layouts/_header.html.erb (0.6ms)
Completed 200 OK in 281ms (Views: 268.2ms | ActiveRecord: 1.4ms)


Started GET "/assets/reviews.self-e3b0c44298fc1c149afbf4c8996fb92427ae41e4649b934ca495991b7852b855.css?body=1" for 127.0.0.1 at 2015-07-30 18:30:55 -0400


Started GET "/assets/movies.self-e3b0c44298fc1c149afbf4c8996fb92427ae41e4649b934ca495991b7852b855.css?body=1" for 127.0.0.1 at 2015-07-30 18:30:55 -0400


Started GET "/assets/scaffolds.self-3d715b6cf644fdcf46cf5c97ad3df0c0d8afdfb7a67600169d0ac77fa095619c.css?body=1" for 127.0.0.1 at 2015-07-30 18:30:55 -0400


Started GET "/assets/application.self-d99d1716a9e1ebca82c1f151c544cc355801be632c8f87c32d7b1ef7567783da.css?body=1" for 127.0.0.1 at 2015-07-30 18:30:55 -0400


Started GET "/assets/jquery_ujs.self-ca5248a2fad13d6bd58ea121318d642f195f0b2dd818b30615f785ff365e8d1f.js?body=1" for 127.0.0.1 at 2015-07-30 18:30:55 -0400


Started GET "/assets/jquery.self-d03a5518f45df77341bdbe6201ba3bfa547ebba8ed64f0ea56bfa5f96ea7c074.js?body=1" for 127.0.0.1 at 2015-07-30 18:30:55 -0400


Started GET "/assets/bootstrap/affix.self-f7aef9d98ee5ece34a6a92a6a15bba777d93e8d908b75c95a85088277f394200.js?body=1" for 127.0.0.1 at 2015-07-30 18:30:55 -0400


Started GET "/assets/bootstrap/alert.self-896ab026e6823f5cef2441e07dac53d0692a5b772ac58b1ce20aa624c342d3f4.js?body=1" for 127.0.0.1 at 2015-07-30 18:30:55 -0400


Started GET "/assets/bootstrap/button.self-d19f3e2bcd3a7a4d75c11b9141b3fabd2c11987da1e99c85548ec3ecf8db30c3.js?body=1" for 127.0.0.1 at 2015-07-30 18:30:55 -0400


Started GET "/assets/bootstrap/carousel.self-b2e5e14483e6c31343a83861b7d487620f143d6fc2d07d5ae7544b6b225ba6be.js?body=1" for 127.0.0.1 at 2015-07-30 18:30:55 -0400


Started GET "/assets/bootstrap/collapse.self-93820e9b486e375a7fb4477602def3a6f8381fa6d50938d5378297ffbe4a1248.js?body=1" for 127.0.0.1 at 2015-07-30 18:30:55 -0400


Started GET "/assets/bootstrap/dropdown.self-30536ae4d54b2685c26b5787ed0eb549a9075717fe690cce6270873bedf2df00.js?body=1" for 127.0.0.1 at 2015-07-30 18:30:55 -0400


Started GET "/assets/bootstrap/tab.self-9b77df34cbbb08ec93a806d6cdb741f04e3dbf3389978a0679146f2d2987bc89.js?body=1" for 127.0.0.1 at 2015-07-30 18:30:55 -0400


Started GET "/assets/bootstrap/transition.self-9616c4e856b57659b67da3c6f2adcd584b5601ef4bebcdadab8ebb387d80bb25.js?body=1" for 127.0.0.1 at 2015-07-30 18:30:55 -0400


Started GET "/assets/bootstrap/scrollspy.self-c5c6ed008955656d345067e9821d79f1216b8383134d08465d4aa1a33a2b93b4.js?body=1" for 127.0.0.1 at 2015-07-30 18:30:55 -0400


Started GET "/assets/bootstrap/modal.self-bcfe54f3132bf16a8c5ce4289e47eba488f6522a08f49f378a037061c6c7aa4c.js?body=1" for 127.0.0.1 at 2015-07-30 18:30:55 -0400


Started GET "/assets/bootstrap/tooltip.self-3aa41fbe871573b34e0ebddf31598cd5a11a9841ca85f90934ea46326e46626d.js?body=1" for 127.0.0.1 at 2015-07-30 18:30:55 -0400


Started GET "/assets/bootstrap-sprockets.self-fbfa5ad7d9aa0afe439ec4ff3883acc4cb92b62cb67c40d674320c9aa1d4642d.js?body=1" for 127.0.0.1 at 2015-07-30 18:30:55 -0400


Started GET "/assets/bootstrap/popover.self-b73e9c9111d01148e24bbc46e096782e024dc5db630e7078cf11ed2587ef8551.js?body=1" for 127.0.0.1 at 2015-07-30 18:30:55 -0400


Started GET "/assets/turbolinks.self-c37727e9bd6b2735da5c311aa83fead54ed0be6cc8bd9a65309e9c5abe2cbfff.js?body=1" for 127.0.0.1 at 2015-07-30 18:30:55 -0400


Started GET "/assets/jquery.raty.self-628421be04f36f7a8fa8b9b884c6d7824d6f8bdeba4f172b131f15aa63f713e8.js?body=1" for 127.0.0.1 at 2015-07-30 18:30:55 -0400


Started GET "/assets/movies.self-877aef30ae1b040ab8a3aba4e3e309a11d7f2612f44dde450b5c157aa5f95c05.js?body=1" for 127.0.0.1 at 2015-07-30 18:30:55 -0400


Started GET "/assets/reviews.self-877aef30ae1b040ab8a3aba4e3e309a11d7f2612f44dde450b5c157aa5f95c05.js?body=1" for 127.0.0.1 at 2015-07-30 18:30:55 -0400


Started GET "/assets/application.self-f8806224e027f3e3f0138ea9ce99319e298dfdb323304d1f1be6eae8e8c74724.js?body=1" for 127.0.0.1 at 2015-07-30 18:30:55 -0400


Started GET "/images/medium/missing.png" for 127.0.0.1 at 2015-07-30 18:30:55 -0400

ActionController::RoutingError (No route matches [GET] "/images/medium/missing.png"):
  vendor/cache/gems/actionpack-4.2.3/lib/action_dispatch/middleware/debug_exceptions.rb:21:in `call'
  vendor/cache/gems/web-console-2.2.1/lib/web_console/middleware.rb:39:in `call'
  vendor/cache/gems/actionpack-4.2.3/lib/action_dispatch/middleware/show_exceptions.rb:30:in `call'
  vendor/cache/gems/railties-4.2.3/lib/rails/rack/logger.rb:38:in `call_app'
  vendor/cache/gems/railties-4.2.3/lib/rails/rack/logger.rb:20:in `block in call'
  vendor/cache/gems/activesupport-4.2.3/lib/active_support/tagged_logging.rb:68:in `block in tagged'
  vendor/cache/gems/activesupport-4.2.3/lib/active_support/tagged_logging.rb:26:in `tagged'
  vendor/cache/gems/activesupport-4.2.3/lib/active_support/tagged_logging.rb:68:in `tagged'
  vendor/cache/gems/railties-4.2.3/lib/rails/rack/logger.rb:20:in `call'
  vendor/cache/gems/actionpack-4.2.3/lib/action_dispatch/middleware/request_id.rb:21:in `call'
  vendor/cache/gems/rack-1.6.4/lib/rack/methodoverride.rb:22:in `call'
  vendor/cache/gems/rack-1.6.4/lib/rack/runtime.rb:18:in `call'
  vendor/cache/gems/activesupport-4.2.3/lib/active_support/cache/strategy/local_cache_middleware.rb:28:in `call'
  vendor/cache/gems/rack-1.6.4/lib/rack/lock.rb:17:in `call'
  vendor/cache/gems/actionpack-4.2.3/lib/action_dispatch/middleware/static.rb:116:in `call'
  vendor/cache/gems/rack-1.6.4/lib/rack/sendfile.rb:113:in `call'
  vendor/cache/gems/railties-4.2.3/lib/rails/engine.rb:518:in `call'
  vendor/cache/gems/railties-4.2.3/lib/rails/application.rb:165:in `call'
  vendor/cache/gems/rack-1.6.4/lib/rack/lock.rb:17:in `call'
  vendor/cache/gems/rack-1.6.4/lib/rack/content_length.rb:15:in `call'
  vendor/cache/gems/rack-1.6.4/lib/rack/handler/webrick.rb:88:in `service'
  /home/paulbamberg22/.rbenv/versions/2.2.2/lib/ruby/2.2.0/webrick/httpserver.rb:138:in `service'
  /home/paulbamberg22/.rbenv/versions/2.2.2/lib/ruby/2.2.0/webrick/httpserver.rb:94:in `run'
  /home/paulbamberg22/.rbenv/versions/2.2.2/lib/ruby/2.2.0/webrick/server.rb:294:in `block in start_thread'


  Rendered vendor/cache/gems/actionpack-4.2.3/lib/action_dispatch/middleware/templates/rescues/_trace.html.erb (1.1ms)
  Rendered vendor/cache/gems/actionpack-4.2.3/lib/action_dispatch/middleware/templates/routes/_route.html.erb (1.5ms)
  Rendered vendor/cache/gems/actionpack-4.2.3/lib/action_dispatch/middleware/templates/routes/_table.html.erb (7.1ms)
  Rendered vendor/cache/gems/actionpack-4.2.3/lib/action_dispatch/middleware/templates/rescues/_request_and_response.html.erb (1.0ms)
  Rendered vendor/cache/gems/actionpack-4.2.3/lib/action_dispatch/middleware/templates/rescues/routing_error.html.erb within rescues/layout (35.3ms)
  Rendered vendor/cache/gems/web-console-2.2.1/lib/web_console/templates/_markup.html.erb (0.2ms)
  Rendered vendor/cache/gems/web-console-2.2.1/lib/web_console/templates/_inner_console_markup.html.erb within layouts/inlined_string (0.6ms)
  Rendered vendor/cache/gems/web-console-2.2.1/lib/web_console/templates/_prompt_box_markup.html.erb within layouts/inlined_string (0.2ms)
  Rendered vendor/cache/gems/web-console-2.2.1/lib/web_console/templates/style.css.erb within layouts/inlined_string (0.2ms)
  Rendered vendor/cache/gems/web-console-2.2.1/lib/web_console/templates/console.js.erb within layouts/javascript (17.4ms)
  Rendered vendor/cache/gems/web-console-2.2.1/lib/web_console/templates/main.js.erb within layouts/javascript (0.4ms)
  Rendered vendor/cache/gems/web-console-2.2.1/lib/web_console/templates/error_page.js.erb within layouts/javascript (0.3ms)
  Rendered vendor/cache/gems/web-console-2.2.1/lib/web_console/templates/index.html.erb (35.9ms)


Started GET "/" for 127.0.0.1 at 2015-07-30 18:36:55 -0400
Processing by MoviesController#index as HTML
  [1m[35mUser Load (0.1ms)[0m  SELECT  "users".* FROM "users" WHERE "users"."id" = ?  ORDER BY "users"."id" ASC LIMIT 1  [["id", 1]]
  [1m[36mMovie Load (0.1ms)[0m  [1mSELECT "movies".* FROM "movies"[0m
  Rendered movies/index.html.erb within layouts/application (4.3ms)
  Rendered layouts/_header.html.erb (0.2ms)
Completed 200 OK in 82ms (Views: 81.4ms | ActiveRecord: 0.2ms)


Started GET "/assets/movies.self-e3b0c44298fc1c149afbf4c8996fb92427ae41e4649b934ca495991b7852b855.css?body=1" for 127.0.0.1 at 2015-07-30 18:36:55 -0400


Started GET "/assets/application.self-d99d1716a9e1ebca82c1f151c544cc355801be632c8f87c32d7b1ef7567783da.css?body=1" for 127.0.0.1 at 2015-07-30 18:36:55 -0400


Started GET "/assets/scaffolds.self-3d715b6cf644fdcf46cf5c97ad3df0c0d8afdfb7a67600169d0ac77fa095619c.css?body=1" for 127.0.0.1 at 2015-07-30 18:36:55 -0400


Started GET "/assets/jquery.self-d03a5518f45df77341bdbe6201ba3bfa547ebba8ed64f0ea56bfa5f96ea7c074.js?body=1" for 127.0.0.1 at 2015-07-30 18:36:55 -0400


Started GET "/assets/jquery_ujs.self-ca5248a2fad13d6bd58ea121318d642f195f0b2dd818b30615f785ff365e8d1f.js?body=1" for 127.0.0.1 at 2015-07-30 18:36:55 -0400


Started GET "/assets/reviews.self-e3b0c44298fc1c149afbf4c8996fb92427ae41e4649b934ca495991b7852b855.css?body=1" for 127.0.0.1 at 2015-07-30 18:36:55 -0400


Started GET "/assets/bootstrap/affix.self-f7aef9d98ee5ece34a6a92a6a15bba777d93e8d908b75c95a85088277f394200.js?body=1" for 127.0.0.1 at 2015-07-30 18:36:55 -0400


Started GET "/assets/bootstrap/alert.self-896ab026e6823f5cef2441e07dac53d0692a5b772ac58b1ce20aa624c342d3f4.js?body=1" for 127.0.0.1 at 2015-07-30 18:36:55 -0400


Started GET "/assets/bootstrap/button.self-d19f3e2bcd3a7a4d75c11b9141b3fabd2c11987da1e99c85548ec3ecf8db30c3.js?body=1" for 127.0.0.1 at 2015-07-30 18:36:55 -0400


Started GET "/assets/bootstrap/carousel.self-b2e5e14483e6c31343a83861b7d487620f143d6fc2d07d5ae7544b6b225ba6be.js?body=1" for 127.0.0.1 at 2015-07-30 18:36:55 -0400


Started GET "/assets/bootstrap/collapse.self-93820e9b486e375a7fb4477602def3a6f8381fa6d50938d5378297ffbe4a1248.js?body=1" for 127.0.0.1 at 2015-07-30 18:36:55 -0400


Started GET "/assets/bootstrap/dropdown.self-30536ae4d54b2685c26b5787ed0eb549a9075717fe690cce6270873bedf2df00.js?body=1" for 127.0.0.1 at 2015-07-30 18:36:55 -0400


Started GET "/assets/bootstrap/tab.self-9b77df34cbbb08ec93a806d6cdb741f04e3dbf3389978a0679146f2d2987bc89.js?body=1" for 127.0.0.1 at 2015-07-30 18:36:55 -0400


Started GET "/assets/bootstrap/transition.self-9616c4e856b57659b67da3c6f2adcd584b5601ef4bebcdadab8ebb387d80bb25.js?body=1" for 127.0.0.1 at 2015-07-30 18:36:55 -0400


Started GET "/assets/bootstrap/scrollspy.self-c5c6ed008955656d345067e9821d79f1216b8383134d08465d4aa1a33a2b93b4.js?body=1" for 127.0.0.1 at 2015-07-30 18:36:55 -0400


Started GET "/assets/bootstrap/modal.self-bcfe54f3132bf16a8c5ce4289e47eba488f6522a08f49f378a037061c6c7aa4c.js?body=1" for 127.0.0.1 at 2015-07-30 18:36:55 -0400


Started GET "/assets/bootstrap/tooltip.self-3aa41fbe871573b34e0ebddf31598cd5a11a9841ca85f90934ea46326e46626d.js?body=1" for 127.0.0.1 at 2015-07-30 18:36:55 -0400


Started GET "/assets/bootstrap/popover.self-b73e9c9111d01148e24bbc46e096782e024dc5db630e7078cf11ed2587ef8551.js?body=1" for 127.0.0.1 at 2015-07-30 18:36:55 -0400


Started GET "/assets/bootstrap-sprockets.self-fbfa5ad7d9aa0afe439ec4ff3883acc4cb92b62cb67c40d674320c9aa1d4642d.js?body=1" for 127.0.0.1 at 2015-07-30 18:36:55 -0400


Started GET "/assets/turbolinks.self-c37727e9bd6b2735da5c311aa83fead54ed0be6cc8bd9a65309e9c5abe2cbfff.js?body=1" for 127.0.0.1 at 2015-07-30 18:36:55 -0400


Started GET "/assets/jquery.raty.self-628421be04f36f7a8fa8b9b884c6d7824d6f8bdeba4f172b131f15aa63f713e8.js?body=1" for 127.0.0.1 at 2015-07-30 18:36:55 -0400


Started GET "/assets/movies.self-877aef30ae1b040ab8a3aba4e3e309a11d7f2612f44dde450b5c157aa5f95c05.js?body=1" for 127.0.0.1 at 2015-07-30 18:36:55 -0400


Started GET "/assets/reviews.self-877aef30ae1b040ab8a3aba4e3e309a11d7f2612f44dde450b5c157aa5f95c05.js?body=1" for 127.0.0.1 at 2015-07-30 18:36:55 -0400


Started GET "/assets/application.self-f8806224e027f3e3f0138ea9ce99319e298dfdb323304d1f1be6eae8e8c74724.js?body=1" for 127.0.0.1 at 2015-07-30 18:36:55 -0400


Started GET "/images/medium/missing.png" for 127.0.0.1 at 2015-07-30 18:36:55 -0400

ActionController::RoutingError (No route matches [GET] "/images/medium/missing.png"):
  vendor/cache/gems/actionpack-4.2.3/lib/action_dispatch/middleware/debug_exceptions.rb:21:in `call'
  vendor/cache/gems/web-console-2.2.1/lib/web_console/middleware.rb:39:in `call'
  vendor/cache/gems/actionpack-4.2.3/lib/action_dispatch/middleware/show_exceptions.rb:30:in `call'
  vendor/cache/gems/railties-4.2.3/lib/rails/rack/logger.rb:38:in `call_app'
  vendor/cache/gems/railties-4.2.3/lib/rails/rack/logger.rb:20:in `block in call'
  vendor/cache/gems/activesupport-4.2.3/lib/active_support/tagged_logging.rb:68:in `block in tagged'
  vendor/cache/gems/activesupport-4.2.3/lib/active_support/tagged_logging.rb:26:in `tagged'
  vendor/cache/gems/activesupport-4.2.3/lib/active_support/tagged_logging.rb:68:in `tagged'
  vendor/cache/gems/railties-4.2.3/lib/rails/rack/logger.rb:20:in `call'
  vendor/cache/gems/actionpack-4.2.3/lib/action_dispatch/middleware/request_id.rb:21:in `call'
  vendor/cache/gems/rack-1.6.4/lib/rack/methodoverride.rb:22:in `call'
  vendor/cache/gems/rack-1.6.4/lib/rack/runtime.rb:18:in `call'
  vendor/cache/gems/activesupport-4.2.3/lib/active_support/cache/strategy/local_cache_middleware.rb:28:in `call'
  vendor/cache/gems/rack-1.6.4/lib/rack/lock.rb:17:in `call'
  vendor/cache/gems/actionpack-4.2.3/lib/action_dispatch/middleware/static.rb:116:in `call'
  vendor/cache/gems/rack-1.6.4/lib/rack/sendfile.rb:113:in `call'
  vendor/cache/gems/railties-4.2.3/lib/rails/engine.rb:518:in `call'
  vendor/cache/gems/railties-4.2.3/lib/rails/application.rb:165:in `call'
  vendor/cache/gems/rack-1.6.4/lib/rack/lock.rb:17:in `call'
  vendor/cache/gems/rack-1.6.4/lib/rack/content_length.rb:15:in `call'
  vendor/cache/gems/rack-1.6.4/lib/rack/handler/webrick.rb:88:in `service'
  /home/paulbamberg22/.rbenv/versions/2.2.2/lib/ruby/2.2.0/webrick/httpserver.rb:138:in `service'
  /home/paulbamberg22/.rbenv/versions/2.2.2/lib/ruby/2.2.0/webrick/httpserver.rb:94:in `run'
  /home/paulbamberg22/.rbenv/versions/2.2.2/lib/ruby/2.2.0/webrick/server.rb:294:in `block in start_thread'


  Rendered vendor/cache/gems/actionpack-4.2.3/lib/action_dispatch/middleware/templates/rescues/_trace.html.erb (1.1ms)
  Rendered vendor/cache/gems/actionpack-4.2.3/lib/action_dispatch/middleware/templates/routes/_route.html.erb (2.1ms)
  Rendered vendor/cache/gems/actionpack-4.2.3/lib/action_dispatch/middleware/templates/routes/_table.html.erb (0.9ms)
  Rendered vendor/cache/gems/actionpack-4.2.3/lib/action_dispatch/middleware/templates/rescues/_request_and_response.html.erb (1.0ms)
  Rendered vendor/cache/gems/actionpack-4.2.3/lib/action_dispatch/middleware/templates/rescues/routing_error.html.erb within rescues/layout (28.1ms)
  Rendered vendor/cache/gems/web-console-2.2.1/lib/web_console/templates/_markup.html.erb (0.3ms)
  Rendered vendor/cache/gems/web-console-2.2.1/lib/web_console/templates/_inner_console_markup.html.erb within layouts/inlined_string (0.2ms)
  Rendered vendor/cache/gems/web-console-2.2.1/lib/web_console/templates/_prompt_box_markup.html.erb within layouts/inlined_string (0.2ms)
  Rendered vendor/cache/gems/web-console-2.2.1/lib/web_console/templates/style.css.erb within layouts/inlined_string (0.2ms)
  Rendered vendor/cache/gems/web-console-2.2.1/lib/web_console/templates/console.js.erb within layouts/javascript (14.5ms)
  Rendered vendor/cache/gems/web-console-2.2.1/lib/web_console/templates/main.js.erb within layouts/javascript (0.3ms)
  Rendered vendor/cache/gems/web-console-2.2.1/lib/web_console/templates/error_page.js.erb within layouts/javascript (0.3ms)
  Rendered vendor/cache/gems/web-console-2.2.1/lib/web_console/templates/index.html.erb (31.2ms)


Started GET "/movies/new" for 127.0.0.1 at 2015-07-30 18:36:59 -0400
Processing by MoviesController#new as HTML
  [1m[35mUser Load (0.3ms)[0m  SELECT  "users".* FROM "users" WHERE "users"."id" = ?  ORDER BY "users"."id" ASC LIMIT 1  [["id", 1]]
  Rendered movies/_form.html.erb (11.0ms)
  Rendered movies/new.html.erb within layouts/application (11.9ms)
  Rendered layouts/_header.html.erb (0.7ms)
Completed 200 OK in 111ms (Views: 87.3ms | ActiveRecord: 0.3ms)


Started POST "/movies" for 127.0.0.1 at 2015-07-30 18:37:19 -0400
Processing by MoviesController#create as HTML
  Parameters: {"utf8"=>"✓", "authenticity_token"=>"r9DNairvYmaQ8KM9+P3N3MjH6IMC2nADvqocytQ/j1Rm502KgjeZlpzo9ntEheujzjXACOa4ZzDdqcF6qNrQbA==", "movie"=>{"title"=>"Stuff", "description"=>"Doing thing", "movie_length"=>"12321", "director"=>"Steve", "rating"=>"r", "image"=>#<ActionDispatch::Http::UploadedFile:0x007f376c1b0120 @tempfile=#<Tempfile:/tmp/RackMultipart20150730-26750-ysv2i3.jpg>, @original_filename="20150717_183040.jpg", @content_type="image/jpeg", @headers="Content-Disposition: form-data; name=\"movie[image]\"; filename=\"20150717_183040.jpg\"\r\nContent-Type: image/jpeg\r\n">}, "commit"=>"Create Movie"}
  [1m[36mUser Load (0.2ms)[0m  [1mSELECT  "users".* FROM "users" WHERE "users"."id" = ?  ORDER BY "users"."id" ASC LIMIT 1[0m  [["id", 1]]
Command :: file -b --mime '/tmp/596d60faec53283d9c04f0ea81e4a10720150730-26750-ed7e22.jpg'
Command :: identify -format '%wx%h,%[exif:orientation]' '/tmp/596d60faec53283d9c04f0ea81e4a10720150730-26750-1vncm77.jpg[0]' 2>/dev/null
Command :: identify -format %m '/tmp/596d60faec53283d9c04f0ea81e4a10720150730-26750-1vncm77.jpg[0]'
Command :: convert '/tmp/596d60faec53283d9c04f0ea81e4a10720150730-26750-1vncm77.jpg[0]' -auto-orient -resize "400x" -crop "400x600+0+55" +repage '/tmp/ed2cf5ca89401b9b6d122b96c56f744220150730-26750-1ujpuex'
  [1m[35m (0.1ms)[0m  begin transaction
Command :: file -b --mime '/tmp/596d60faec53283d9c04f0ea81e4a10720150730-26750-37m3tq.jpg'
  [1m[36mSQL (0.3ms)[0m  [1mINSERT INTO "movies" ("title", "description", "movie_length", "director", "rating", "image_file_name", "image_content_type", "image_file_size", "image_updated_at", "user_id", "created_at", "updated_at") VALUES (?, ?, ?, ?, ?, ?, ?, ?, ?, ?, ?, ?)[0m  [["title", "Stuff"], ["description", "Doing thing"], ["movie_length", "12321"], ["director", "Steve"], ["rating", "r"], ["image_file_name", "20150717_183040.jpg"], ["image_content_type", "image/jpeg"], ["image_file_size", 1437908], ["image_updated_at", "2015-07-30 22:37:19.882805"], ["user_id", 1], ["created_at", "2015-07-30 22:37:20.137502"], ["updated_at", "2015-07-30 22:37:20.137502"]]
  [1m[35m (119.2ms)[0m  commit transaction
Redirected to http://localhost:3000/movies/3
Completed 302 Found in 478ms (ActiveRecord: 119.7ms)


Started GET "/movies/3" for 127.0.0.1 at 2015-07-30 18:37:20 -0400
Processing by MoviesController#show as HTML
  Parameters: {"id"=>"3"}
  [1m[36mMovie Load (0.1ms)[0m  [1mSELECT  "movies".* FROM "movies" WHERE "movies"."id" = ? LIMIT 1[0m  [["id", 3]]
  [1m[35mReview Load (0.1ms)[0m  SELECT "reviews".* FROM "reviews" WHERE "reviews"."movie_id" = ?  ORDER BY created_at DESC  [["movie_id", 3]]
  Rendered movies/show.html.erb within layouts/application (2.9ms)
  [1m[36mUser Load (0.1ms)[0m  [1mSELECT  "users".* FROM "users" WHERE "users"."id" = ?  ORDER BY "users"."id" ASC LIMIT 1[0m  [["id", 1]]
  Rendered layouts/_header.html.erb (1.2ms)
Completed 200 OK in 83ms (Views: 78.9ms | ActiveRecord: 0.5ms)


Started GET "/movies" for 127.0.0.1 at 2015-07-30 18:37:43 -0400
Processing by MoviesController#index as HTML
  [1m[35mUser Load (0.1ms)[0m  SELECT  "users".* FROM "users" WHERE "users"."id" = ?  ORDER BY "users"."id" ASC LIMIT 1  [["id", 1]]
  [1m[36mMovie Load (0.2ms)[0m  [1mSELECT "movies".* FROM "movies"[0m
  Rendered movies/index.html.erb within layouts/application (7.0ms)
  Rendered layouts/_header.html.erb (0.2ms)
Completed 200 OK in 81ms (Views: 79.8ms | ActiveRecord: 0.3ms)


Started GET "/images/medium/missing.png" for 127.0.0.1 at 2015-07-30 18:37:43 -0400

ActionController::RoutingError (No route matches [GET] "/images/medium/missing.png"):
  vendor/cache/gems/actionpack-4.2.3/lib/action_dispatch/middleware/debug_exceptions.rb:21:in `call'
  vendor/cache/gems/web-console-2.2.1/lib/web_console/middleware.rb:39:in `call'
  vendor/cache/gems/actionpack-4.2.3/lib/action_dispatch/middleware/show_exceptions.rb:30:in `call'
  vendor/cache/gems/railties-4.2.3/lib/rails/rack/logger.rb:38:in `call_app'
  vendor/cache/gems/railties-4.2.3/lib/rails/rack/logger.rb:20:in `block in call'
  vendor/cache/gems/activesupport-4.2.3/lib/active_support/tagged_logging.rb:68:in `block in tagged'
  vendor/cache/gems/activesupport-4.2.3/lib/active_support/tagged_logging.rb:26:in `tagged'
  vendor/cache/gems/activesupport-4.2.3/lib/active_support/tagged_logging.rb:68:in `tagged'
  vendor/cache/gems/railties-4.2.3/lib/rails/rack/logger.rb:20:in `call'
  vendor/cache/gems/actionpack-4.2.3/lib/action_dispatch/middleware/request_id.rb:21:in `call'
  vendor/cache/gems/rack-1.6.4/lib/rack/methodoverride.rb:22:in `call'
  vendor/cache/gems/rack-1.6.4/lib/rack/runtime.rb:18:in `call'
  vendor/cache/gems/activesupport-4.2.3/lib/active_support/cache/strategy/local_cache_middleware.rb:28:in `call'
  vendor/cache/gems/rack-1.6.4/lib/rack/lock.rb:17:in `call'
  vendor/cache/gems/actionpack-4.2.3/lib/action_dispatch/middleware/static.rb:116:in `call'
  vendor/cache/gems/rack-1.6.4/lib/rack/sendfile.rb:113:in `call'
  vendor/cache/gems/railties-4.2.3/lib/rails/engine.rb:518:in `call'
  vendor/cache/gems/railties-4.2.3/lib/rails/application.rb:165:in `call'
  vendor/cache/gems/rack-1.6.4/lib/rack/lock.rb:17:in `call'
  vendor/cache/gems/rack-1.6.4/lib/rack/content_length.rb:15:in `call'
  vendor/cache/gems/rack-1.6.4/lib/rack/handler/webrick.rb:88:in `service'
  /home/paulbamberg22/.rbenv/versions/2.2.2/lib/ruby/2.2.0/webrick/httpserver.rb:138:in `service'
  /home/paulbamberg22/.rbenv/versions/2.2.2/lib/ruby/2.2.0/webrick/httpserver.rb:94:in `run'
  /home/paulbamberg22/.rbenv/versions/2.2.2/lib/ruby/2.2.0/webrick/server.rb:294:in `block in start_thread'


  Rendered vendor/cache/gems/actionpack-4.2.3/lib/action_dispatch/middleware/templates/rescues/_trace.html.erb (1.0ms)
  Rendered vendor/cache/gems/actionpack-4.2.3/lib/action_dispatch/middleware/templates/routes/_route.html.erb (1.3ms)
  Rendered vendor/cache/gems/actionpack-4.2.3/lib/action_dispatch/middleware/templates/routes/_table.html.erb (1.0ms)
  Rendered vendor/cache/gems/actionpack-4.2.3/lib/action_dispatch/middleware/templates/rescues/_request_and_response.html.erb (1.0ms)
  Rendered vendor/cache/gems/actionpack-4.2.3/lib/action_dispatch/middleware/templates/rescues/routing_error.html.erb within rescues/layout (25.7ms)
  Rendered vendor/cache/gems/web-console-2.2.1/lib/web_console/templates/_markup.html.erb (0.2ms)
  Rendered vendor/cache/gems/web-console-2.2.1/lib/web_console/templates/_inner_console_markup.html.erb within layouts/inlined_string (0.2ms)
  Rendered vendor/cache/gems/web-console-2.2.1/lib/web_console/templates/_prompt_box_markup.html.erb within layouts/inlined_string (0.2ms)
  Rendered vendor/cache/gems/web-console-2.2.1/lib/web_console/templates/style.css.erb within layouts/inlined_string (0.2ms)
  Rendered vendor/cache/gems/web-console-2.2.1/lib/web_console/templates/console.js.erb within layouts/javascript (14.7ms)
  Rendered vendor/cache/gems/web-console-2.2.1/lib/web_console/templates/main.js.erb within layouts/javascript (0.2ms)
  Rendered vendor/cache/gems/web-console-2.2.1/lib/web_console/templates/error_page.js.erb within layouts/javascript (0.4ms)
  Rendered vendor/cache/gems/web-console-2.2.1/lib/web_console/templates/index.html.erb (30.3ms)
